2019-05-03 21:47:56,549 DEBUG u.s.s.s.Sender [main] Mail Properties() constructor successfully initialized
2019-05-03 21:47:56,973 DEBUG u.s.s.s.Sender [main] Mail was created
2019-05-03 21:47:57,641 WARN u.s.s.s.Sender [main] MessagingException: 
javax.mail.AuthenticationFailedException: failed to connect, no password specified?
	at javax.mail.Service.connect(Service.java:329) ~[mail-1.5.0-b01.jar:1.5.0-b01]
	at javax.mail.Service.connect(Service.java:176) ~[mail-1.5.0-b01.jar:1.5.0-b01]
	at javax.mail.Service.connect(Service.java:125) ~[mail-1.5.0-b01.jar:1.5.0-b01]
	at javax.mail.Transport.send0(Transport.java:253) ~[mail-1.5.0-b01.jar:1.5.0-b01]
	at javax.mail.Transport.send(Transport.java:124) ~[mail-1.5.0-b01.jar:1.5.0-b01]
	at ua.salon.schedule.ssl.Sender.send(Sender.java:46) [classes/:?]
	at ua.salon.schedule.ssl.MailClient.main(MailClient.java:7) [classes/:?]
2019-05-03 21:51:32,455 DEBUG u.s.s.s.Sender [main] Mail Properties() constructor successfully initialized
2019-05-03 21:51:32,519 DEBUG u.s.s.s.Sender [main] Mail was created
2019-05-03 21:51:32,623 WARN u.s.s.s.Sender [main] MessagingException: 
javax.mail.AuthenticationFailedException: failed to connect, no password specified?
	at javax.mail.Service.connect(Service.java:329) ~[mail-1.5.0-b01.jar:1.5.0-b01]
	at javax.mail.Service.connect(Service.java:176) ~[mail-1.5.0-b01.jar:1.5.0-b01]
	at javax.mail.Service.connect(Service.java:125) ~[mail-1.5.0-b01.jar:1.5.0-b01]
	at javax.mail.Transport.send0(Transport.java:253) ~[mail-1.5.0-b01.jar:1.5.0-b01]
	at javax.mail.Transport.send(Transport.java:124) ~[mail-1.5.0-b01.jar:1.5.0-b01]
	at ua.salon.schedule.ssl.Sender.send(Sender.java:46) [classes/:?]
	at ua.salon.schedule.ssl.MailClient.main(MailClient.java:7) [classes/:?]
2019-05-03 21:52:24,203 DEBUG u.s.s.s.Sender [main] Mail Properties() constructor successfully initialized
2019-05-03 21:52:24,259 DEBUG u.s.s.s.Sender [main] Mail was created
2019-05-03 21:52:24,351 WARN u.s.s.s.Sender [main] MessagingException: 
javax.mail.AuthenticationFailedException: failed to connect, no password specified?
	at javax.mail.Service.connect(Service.java:329) ~[mail-1.5.0-b01.jar:1.5.0-b01]
	at javax.mail.Service.connect(Service.java:176) ~[mail-1.5.0-b01.jar:1.5.0-b01]
	at javax.mail.Service.connect(Service.java:125) ~[mail-1.5.0-b01.jar:1.5.0-b01]
	at javax.mail.Transport.send0(Transport.java:253) ~[mail-1.5.0-b01.jar:1.5.0-b01]
	at javax.mail.Transport.send(Transport.java:124) ~[mail-1.5.0-b01.jar:1.5.0-b01]
	at ua.salon.schedule.ssl.Sender.send(Sender.java:46) [classes/:?]
	at ua.salon.schedule.ssl.MailClient.main(MailClient.java:7) [classes/:?]
2019-05-03 21:54:15,085 DEBUG u.s.s.s.Sender [main] Mail Properties() constructor successfully initialized
2019-05-03 21:54:15,137 DEBUG u.s.s.s.Sender [main] Mail was created
2019-05-03 21:54:15,265 WARN u.s.s.s.Sender [main] MessagingException: 
javax.mail.AuthenticationFailedException: failed to connect, no password specified?
	at javax.mail.Service.connect(Service.java:329) ~[mail-1.5.0-b01.jar:1.5.0-b01]
	at javax.mail.Service.connect(Service.java:176) ~[mail-1.5.0-b01.jar:1.5.0-b01]
	at javax.mail.Service.connect(Service.java:125) ~[mail-1.5.0-b01.jar:1.5.0-b01]
	at javax.mail.Transport.send0(Transport.java:253) ~[mail-1.5.0-b01.jar:1.5.0-b01]
	at javax.mail.Transport.send(Transport.java:124) ~[mail-1.5.0-b01.jar:1.5.0-b01]
	at ua.salon.schedule.ssl.Sender.send(Sender.java:46) [classes/:?]
	at ua.salon.schedule.ssl.MailClient.main(MailClient.java:7) [classes/:?]
2019-05-03 22:00:04,645 DEBUG u.s.s.s.Sender [main] Mail was created
2019-05-03 22:00:08,550 WARN u.s.s.s.Sender [main] MessagingException: 
javax.mail.AuthenticationFailedException: 535-5.7.8 Username and Password not accepted. Learn more at
535 5.7.8  https://support.google.com/mail/?p=BadCredentials f12sm573535lfk.6 - gsmtp

	at com.sun.mail.smtp.SMTPTransport$Authenticator.authenticate(SMTPTransport.java:826) ~[mail-1.5.0-b01.jar:1.5.0-b01]
	at com.sun.mail.smtp.SMTPTransport.authenticate(SMTPTransport.java:761) ~[mail-1.5.0-b01.jar:1.5.0-b01]
	at com.sun.mail.smtp.SMTPTransport.protocolConnect(SMTPTransport.java:685) ~[mail-1.5.0-b01.jar:1.5.0-b01]
	at javax.mail.Service.connect(Service.java:317) ~[mail-1.5.0-b01.jar:1.5.0-b01]
	at javax.mail.Service.connect(Service.java:176) ~[mail-1.5.0-b01.jar:1.5.0-b01]
	at javax.mail.Service.connect(Service.java:125) ~[mail-1.5.0-b01.jar:1.5.0-b01]
	at javax.mail.Transport.send0(Transport.java:253) ~[mail-1.5.0-b01.jar:1.5.0-b01]
	at javax.mail.Transport.send(Transport.java:124) ~[mail-1.5.0-b01.jar:1.5.0-b01]
	at ua.salon.schedule.ssl.Sender.send(Sender.java:50) [classes/:?]
	at ua.salon.schedule.ssl.MailClient.main(MailClient.java:7) [classes/:?]
2019-05-03 22:10:19,014 DEBUG u.s.s.s.Sender [main] Mail was created
2019-05-03 22:10:22,947 DEBUG u.s.s.s.Sender [main] Mail successfully send to recipient
2019-05-09 17:56:22,261 INFO u.s.s.c.ConnectionUtil [main] Connection with database established
2019-05-09 17:56:22,777 DEBUG u.s.s.d.b.BookingDAO [main] ResultSet in getAllBookingsByMasterIdAndDate() method executed
2019-05-09 17:56:22,789 DEBUG u.s.s.d.u.UserDAO [main] Connection is established
2019-05-09 17:58:55,002 INFO u.s.s.c.ConnectionUtil [main] Connection with database established
2019-05-09 17:58:55,110 DEBUG u.s.s.d.b.BookingDAO [main] ResultSet in getAllBookingsByMasterIdAndDate() method executed
2019-05-09 17:58:55,114 DEBUG u.s.s.d.u.UserDAO [main] Connection is established
2019-05-09 17:58:55,178 DEBUG u.s.s.d.u.UserDAO [main] Connection is established
2019-05-09 17:58:55,202 DEBUG u.s.s.d.b.BookingDAO [main] BookingBooking{bookingId=46, master=Yura, client=Vanya, 2019-05-09 08:00 - 2019-05-09 09:00}
2019-05-09 17:58:55,202 DEBUG u.s.s.d.u.UserDAO [main] Connection is established
2019-05-09 17:58:55,202 DEBUG u.s.s.d.u.UserDAO [main] Connection is established
2019-05-09 17:58:55,206 DEBUG u.s.s.d.b.BookingDAO [main] BookingBooking{bookingId=47, master=Yura, client=Vanya, 2019-05-09 11:00 - 2019-05-09 12:00}
2019-05-09 17:58:55,206 DEBUG u.s.s.d.u.UserDAO [main] Connection is established
2019-05-09 17:58:55,210 DEBUG u.s.s.d.u.UserDAO [main] Connection is established
2019-05-09 17:58:55,210 DEBUG u.s.s.d.b.BookingDAO [main] BookingBooking{bookingId=48, master=Yura, client=Vanya, 2019-05-09 14:00 - 2019-05-09 15:00}
2019-05-09 18:24:15,436 INFO u.s.s.c.ConnectionUtil [main] Connection with database established
2019-05-09 18:24:15,637 DEBUG u.s.s.d.b.BookingDAO [main] ResultSet in getAllBookingsByMasterIdAndDate() method executed
2019-05-09 18:24:15,673 DEBUG u.s.s.d.u.UserDAO [main] Connection is established
2019-05-09 18:24:15,841 DEBUG u.s.s.d.u.UserDAO [main] Connection is established
2019-05-09 18:24:15,950 DEBUG u.s.s.d.b.BookingDAO [main] BookingBooking{bookingId=46, master=Yura, client=Vanya, 2019-05-09 08:00 - 2019-05-09 09:00}
2019-05-09 18:24:15,950 DEBUG u.s.s.d.u.UserDAO [main] Connection is established
2019-05-09 18:24:15,952 DEBUG u.s.s.d.u.UserDAO [main] Connection is established
2019-05-09 18:24:15,955 DEBUG u.s.s.d.b.BookingDAO [main] BookingBooking{bookingId=47, master=Yura, client=Vanya, 2019-05-09 11:00 - 2019-05-09 12:00}
2019-05-09 18:24:15,956 DEBUG u.s.s.d.u.UserDAO [main] Connection is established
2019-05-09 18:24:15,958 DEBUG u.s.s.d.u.UserDAO [main] Connection is established
2019-05-09 18:24:15,960 DEBUG u.s.s.d.b.BookingDAO [main] BookingBooking{bookingId=48, master=Yura, client=Vanya, 2019-05-09 14:00 - 2019-05-09 15:00}
2019-05-09 18:25:10,267 INFO u.s.s.c.ConnectionUtil [Thread-1] Connection with database established
2019-05-09 18:25:10,556 DEBUG u.s.s.d.b.BookingDAO [Thread-1] ResultSet in getAllBookingsByMasterIdAndDate() method executed
2019-05-09 18:25:10,561 DEBUG u.s.s.d.u.UserDAO [Thread-1] Connection is established
2019-05-09 18:25:10,647 DEBUG u.s.s.d.u.UserDAO [Thread-1] Connection is established
2019-05-09 18:25:10,671 DEBUG u.s.s.d.b.BookingDAO [Thread-1] BookingBooking{bookingId=46, master=Yura, client=Vanya, 2019-05-09 08:00 - 2019-05-09 09:00}
2019-05-09 18:25:10,672 DEBUG u.s.s.d.u.UserDAO [Thread-1] Connection is established
2019-05-09 18:25:10,674 DEBUG u.s.s.d.u.UserDAO [Thread-1] Connection is established
2019-05-09 18:25:10,677 DEBUG u.s.s.d.b.BookingDAO [Thread-1] BookingBooking{bookingId=47, master=Yura, client=Vanya, 2019-05-09 11:00 - 2019-05-09 12:00}
2019-05-09 18:25:10,678 DEBUG u.s.s.d.u.UserDAO [Thread-1] Connection is established
2019-05-09 18:25:10,680 DEBUG u.s.s.d.u.UserDAO [Thread-1] Connection is established
2019-05-09 18:25:10,683 DEBUG u.s.s.d.b.BookingDAO [Thread-1] BookingBooking{bookingId=48, master=Yura, client=Vanya, 2019-05-09 14:00 - 2019-05-09 15:00}
2019-05-10 18:09:56,043 INFO u.s.s.c.ConnectionUtil [main] Connection with database established
2019-05-10 18:09:56,279 DEBUG u.s.s.d.b.BookingDAO [main] ResultSet in getAllBookingsByMasterIdAndDate() method executed
2019-05-10 18:09:56,307 DEBUG u.s.s.d.u.UserDAO [main] Connection is established
2019-05-10 18:09:56,383 DEBUG u.s.s.d.u.UserDAO [main] Connection is established
2019-05-10 18:09:56,435 DEBUG u.s.s.d.b.BookingDAO [main] BookingBooking{bookingId=49, master=Yura, client=Vanya, 2019-05-10 10:00 - 2019-05-10 11:00}
2019-05-10 18:09:56,439 DEBUG u.s.s.d.u.UserDAO [main] Connection is established
2019-05-10 18:09:56,439 DEBUG u.s.s.d.u.UserDAO [main] Connection is established
2019-05-10 18:09:56,447 DEBUG u.s.s.d.b.BookingDAO [main] BookingBooking{bookingId=50, master=Yura, client=Vanya, 2019-05-10 17:00 - 2019-05-10 18:00}
2019-05-10 18:09:56,447 DEBUG u.s.s.d.u.UserDAO [main] Connection is established
2019-05-10 18:09:56,451 DEBUG u.s.s.d.u.UserDAO [main] Connection is established
2019-05-10 18:09:56,455 DEBUG u.s.s.d.b.BookingDAO [main] BookingBooking{bookingId=51, master=Yura, client=Vanya, 2019-05-10 15:00 - 2019-05-10 16:00}
2019-05-10 21:54:36,499 INFO u.s.s.c.ConnectionUtil [pool-2-thread-1] Connection with database established
2019-05-10 21:54:37,031 DEBUG u.s.s.d.b.BookingDAO [pool-2-thread-1] ResultSet in getAllBookingsByMasterIdAndDate() method executed
2019-05-10 21:54:37,035 DEBUG u.s.s.d.u.UserDAO [pool-2-thread-1] Connection is established
2019-05-10 21:54:37,099 DEBUG u.s.s.d.u.UserDAO [pool-2-thread-1] Connection is established
2019-05-10 21:54:37,149 DEBUG u.s.s.d.b.BookingDAO [pool-2-thread-1] BookingBooking{bookingId=54, master=YaStrigu, client=Vanya, 2019-05-10 08:00 - 2019-05-10 09:00}
2019-05-10 21:54:37,149 DEBUG u.s.s.d.u.UserDAO [pool-2-thread-1] Connection is established
2019-05-10 21:54:37,151 DEBUG u.s.s.d.u.UserDAO [pool-2-thread-1] Connection is established
2019-05-10 21:54:37,154 DEBUG u.s.s.d.b.BookingDAO [pool-2-thread-1] BookingBooking{bookingId=49, master=Yura, client=Vanya, 2019-05-10 10:00 - 2019-05-10 11:00}
2019-05-10 21:54:37,154 DEBUG u.s.s.d.u.UserDAO [pool-2-thread-1] Connection is established
2019-05-10 21:54:37,156 DEBUG u.s.s.d.u.UserDAO [pool-2-thread-1] Connection is established
2019-05-10 21:54:37,158 DEBUG u.s.s.d.b.BookingDAO [pool-2-thread-1] BookingBooking{bookingId=51, master=Yura, client=Vanya, 2019-05-10 15:00 - 2019-05-10 16:00}
2019-05-10 21:54:37,159 DEBUG u.s.s.d.u.UserDAO [pool-2-thread-1] Connection is established
2019-05-10 21:54:37,161 DEBUG u.s.s.d.u.UserDAO [pool-2-thread-1] Connection is established
2019-05-10 21:54:37,163 DEBUG u.s.s.d.b.BookingDAO [pool-2-thread-1] BookingBooking{bookingId=53, master=Yura, client=Vanya, 2019-05-10 16:00 - 2019-05-10 17:00}
2019-05-10 21:54:37,163 DEBUG u.s.s.d.u.UserDAO [pool-2-thread-1] Connection is established
2019-05-10 21:54:37,165 DEBUG u.s.s.d.u.UserDAO [pool-2-thread-1] Connection is established
2019-05-10 21:54:37,167 DEBUG u.s.s.d.b.BookingDAO [pool-2-thread-1] BookingBooking{bookingId=50, master=Yura, client=Vanya, 2019-05-10 17:00 - 2019-05-10 18:00}
2019-05-10 21:59:34,698 DEBUG u.s.s.d.b.BookingDAO [pool-2-thread-1] ResultSet in getAllBookingsByMasterIdAndDate() method executed
2019-05-10 21:59:34,699 DEBUG u.s.s.d.u.UserDAO [pool-2-thread-1] Connection is established
2019-05-10 21:59:34,701 DEBUG u.s.s.d.u.UserDAO [pool-2-thread-1] Connection is established
2019-05-10 21:59:34,702 DEBUG u.s.s.d.b.BookingDAO [pool-2-thread-1] BookingBooking{bookingId=54, master=YaStrigu, client=Vanya, 2019-05-10 08:00 - 2019-05-10 09:00}
2019-05-10 21:59:34,703 DEBUG u.s.s.d.u.UserDAO [pool-2-thread-1] Connection is established
2019-05-10 21:59:34,704 DEBUG u.s.s.d.u.UserDAO [pool-2-thread-1] Connection is established
2019-05-10 21:59:34,707 DEBUG u.s.s.d.b.BookingDAO [pool-2-thread-1] BookingBooking{bookingId=49, master=Yura, client=Vanya, 2019-05-10 10:00 - 2019-05-10 11:00}
2019-05-10 21:59:34,707 DEBUG u.s.s.d.u.UserDAO [pool-2-thread-1] Connection is established
2019-05-10 21:59:34,709 DEBUG u.s.s.d.u.UserDAO [pool-2-thread-1] Connection is established
2019-05-10 21:59:34,711 DEBUG u.s.s.d.b.BookingDAO [pool-2-thread-1] BookingBooking{bookingId=51, master=Yura, client=Vanya, 2019-05-10 15:00 - 2019-05-10 16:00}
2019-05-10 21:59:34,711 DEBUG u.s.s.d.u.UserDAO [pool-2-thread-1] Connection is established
2019-05-10 21:59:34,713 DEBUG u.s.s.d.u.UserDAO [pool-2-thread-1] Connection is established
2019-05-10 21:59:34,714 DEBUG u.s.s.d.b.BookingDAO [pool-2-thread-1] BookingBooking{bookingId=53, master=Yura, client=Vanya, 2019-05-10 16:00 - 2019-05-10 17:00}
2019-05-10 21:59:34,715 DEBUG u.s.s.d.u.UserDAO [pool-2-thread-1] Connection is established
2019-05-10 21:59:34,716 DEBUG u.s.s.d.u.UserDAO [pool-2-thread-1] Connection is established
2019-05-10 21:59:34,718 DEBUG u.s.s.d.b.BookingDAO [pool-2-thread-1] BookingBooking{bookingId=50, master=Yura, client=Vanya, 2019-05-10 17:00 - 2019-05-10 18:00}
2019-05-10 22:04:34,698 DEBUG u.s.s.d.b.BookingDAO [pool-2-thread-1] ResultSet in getAllBookingsByMasterIdAndDate() method executed
2019-05-10 22:04:34,698 DEBUG u.s.s.d.u.UserDAO [pool-2-thread-1] Connection is established
2019-05-10 22:04:34,700 DEBUG u.s.s.d.u.UserDAO [pool-2-thread-1] Connection is established
2019-05-10 22:04:34,701 DEBUG u.s.s.d.b.BookingDAO [pool-2-thread-1] BookingBooking{bookingId=54, master=YaStrigu, client=Vanya, 2019-05-10 08:00 - 2019-05-10 09:00}
2019-05-10 22:04:34,701 DEBUG u.s.s.d.u.UserDAO [pool-2-thread-1] Connection is established
2019-05-10 22:04:34,703 DEBUG u.s.s.d.u.UserDAO [pool-2-thread-1] Connection is established
2019-05-10 22:04:34,705 DEBUG u.s.s.d.b.BookingDAO [pool-2-thread-1] BookingBooking{bookingId=49, master=Yura, client=Vanya, 2019-05-10 10:00 - 2019-05-10 11:00}
2019-05-10 22:04:34,705 DEBUG u.s.s.d.u.UserDAO [pool-2-thread-1] Connection is established
2019-05-10 22:04:34,708 DEBUG u.s.s.d.u.UserDAO [pool-2-thread-1] Connection is established
2019-05-10 22:04:34,710 DEBUG u.s.s.d.b.BookingDAO [pool-2-thread-1] BookingBooking{bookingId=51, master=Yura, client=Vanya, 2019-05-10 15:00 - 2019-05-10 16:00}
2019-05-10 22:04:34,710 DEBUG u.s.s.d.u.UserDAO [pool-2-thread-1] Connection is established
2019-05-10 22:04:34,712 DEBUG u.s.s.d.u.UserDAO [pool-2-thread-1] Connection is established
2019-05-10 22:04:34,713 DEBUG u.s.s.d.b.BookingDAO [pool-2-thread-1] BookingBooking{bookingId=53, master=Yura, client=Vanya, 2019-05-10 16:00 - 2019-05-10 17:00}
2019-05-10 22:04:34,713 DEBUG u.s.s.d.u.UserDAO [pool-2-thread-1] Connection is established
2019-05-10 22:04:34,715 DEBUG u.s.s.d.u.UserDAO [pool-2-thread-1] Connection is established
2019-05-10 22:04:34,718 DEBUG u.s.s.d.b.BookingDAO [pool-2-thread-1] BookingBooking{bookingId=50, master=Yura, client=Vanya, 2019-05-10 17:00 - 2019-05-10 18:00}
2019-05-10 22:09:34,698 DEBUG u.s.s.d.b.BookingDAO [pool-2-thread-1] ResultSet in getAllBookingsByMasterIdAndDate() method executed
2019-05-10 22:09:34,699 DEBUG u.s.s.d.u.UserDAO [pool-2-thread-1] Connection is established
2019-05-10 22:09:34,700 DEBUG u.s.s.d.u.UserDAO [pool-2-thread-1] Connection is established
2019-05-10 22:09:34,702 DEBUG u.s.s.d.b.BookingDAO [pool-2-thread-1] BookingBooking{bookingId=54, master=YaStrigu, client=Vanya, 2019-05-10 08:00 - 2019-05-10 09:00}
2019-05-10 22:09:34,702 DEBUG u.s.s.d.u.UserDAO [pool-2-thread-1] Connection is established
2019-05-10 22:09:34,704 DEBUG u.s.s.d.u.UserDAO [pool-2-thread-1] Connection is established
2019-05-10 22:09:34,706 DEBUG u.s.s.d.b.BookingDAO [pool-2-thread-1] BookingBooking{bookingId=49, master=Yura, client=Vanya, 2019-05-10 10:00 - 2019-05-10 11:00}
2019-05-10 22:09:34,707 DEBUG u.s.s.d.u.UserDAO [pool-2-thread-1] Connection is established
2019-05-10 22:09:34,708 DEBUG u.s.s.d.u.UserDAO [pool-2-thread-1] Connection is established
2019-05-10 22:09:34,710 DEBUG u.s.s.d.b.BookingDAO [pool-2-thread-1] BookingBooking{bookingId=51, master=Yura, client=Vanya, 2019-05-10 15:00 - 2019-05-10 16:00}
2019-05-10 22:09:34,710 DEBUG u.s.s.d.u.UserDAO [pool-2-thread-1] Connection is established
2019-05-10 22:09:34,712 DEBUG u.s.s.d.u.UserDAO [pool-2-thread-1] Connection is established
2019-05-10 22:09:34,714 DEBUG u.s.s.d.b.BookingDAO [pool-2-thread-1] BookingBooking{bookingId=53, master=Yura, client=Vanya, 2019-05-10 16:00 - 2019-05-10 17:00}
2019-05-10 22:09:34,714 DEBUG u.s.s.d.u.UserDAO [pool-2-thread-1] Connection is established
2019-05-10 22:09:34,716 DEBUG u.s.s.d.u.UserDAO [pool-2-thread-1] Connection is established
2019-05-10 22:09:34,718 DEBUG u.s.s.d.b.BookingDAO [pool-2-thread-1] BookingBooking{bookingId=50, master=Yura, client=Vanya, 2019-05-10 17:00 - 2019-05-10 18:00}
2019-05-10 22:21:01,960 INFO u.s.s.c.ConnectionUtil [pool-2-thread-1] Connection with database established
2019-05-10 22:21:02,185 DEBUG u.s.s.d.b.BookingDAO [pool-2-thread-1] ResultSet in getAllBookingsByMasterIdAndDate() method executed
2019-05-10 22:21:02,243 DEBUG u.s.s.d.u.UserDAO [pool-2-thread-1] Connection is established
2019-05-10 22:21:02,316 DEBUG u.s.s.d.u.UserDAO [pool-2-thread-1] Connection is established
2019-05-10 22:21:02,377 DEBUG u.s.s.d.b.BookingDAO [pool-2-thread-1] BookingBooking{bookingId=54, master=YaStrigu, client=Vanya, 2019-05-10 08:00 - 2019-05-10 09:00}
2019-05-10 22:21:02,378 DEBUG u.s.s.d.u.UserDAO [pool-2-thread-1] Connection is established
2019-05-10 22:21:02,379 DEBUG u.s.s.d.u.UserDAO [pool-2-thread-1] Connection is established
2019-05-10 22:21:02,381 DEBUG u.s.s.d.b.BookingDAO [pool-2-thread-1] BookingBooking{bookingId=49, master=Yura, client=Vanya, 2019-05-10 10:00 - 2019-05-10 11:00}
2019-05-10 22:21:02,381 DEBUG u.s.s.d.u.UserDAO [pool-2-thread-1] Connection is established
2019-05-10 22:21:02,383 DEBUG u.s.s.d.u.UserDAO [pool-2-thread-1] Connection is established
2019-05-10 22:21:02,384 DEBUG u.s.s.d.b.BookingDAO [pool-2-thread-1] BookingBooking{bookingId=51, master=Yura, client=Vanya, 2019-05-10 15:00 - 2019-05-10 16:00}
2019-05-10 22:21:02,385 DEBUG u.s.s.d.u.UserDAO [pool-2-thread-1] Connection is established
2019-05-10 22:21:02,386 DEBUG u.s.s.d.u.UserDAO [pool-2-thread-1] Connection is established
2019-05-10 22:21:02,388 DEBUG u.s.s.d.b.BookingDAO [pool-2-thread-1] BookingBooking{bookingId=53, master=Yura, client=Vanya, 2019-05-10 16:00 - 2019-05-10 17:00}
2019-05-10 22:21:02,389 DEBUG u.s.s.d.u.UserDAO [pool-2-thread-1] Connection is established
2019-05-10 22:21:02,391 DEBUG u.s.s.d.u.UserDAO [pool-2-thread-1] Connection is established
2019-05-10 22:21:02,393 DEBUG u.s.s.d.b.BookingDAO [pool-2-thread-1] BookingBooking{bookingId=50, master=Yura, client=Vanya, 2019-05-10 17:00 - 2019-05-10 18:00}
2019-05-21 20:40:49,391 INFO u.s.s.c.ConnectionUtil [main] Connection with database established
2019-05-21 20:40:49,615 DEBUG u.s.s.d.b.BookingDAO [main] ResultSet in getAllBookingsByMasterIdAndDate() method executed
2019-05-21 20:40:49,831 DEBUG u.s.s.d.u.UserDAO [main] Connection is established
2019-05-21 20:40:49,895 DEBUG u.s.s.d.u.UserDAO [main] Connection is established
2019-05-21 20:40:50,025 DEBUG u.s.s.d.b.BookingDAO [main] BookingBooking{bookingId=55, master=Yura, client=Vanya, 2019-05-21 17:00 - 2019-05-21 18:00}
2019-05-21 20:41:30,642 INFO u.s.s.c.ConnectionUtil [main] Connection with database established
2019-05-21 20:41:30,794 DEBUG u.s.s.d.b.BookingDAO [main] ResultSet in getAllBookingsByMasterIdAndDate() method executed
2019-05-21 20:41:30,854 DEBUG u.s.s.d.u.UserDAO [main] Connection is established
2019-05-21 20:41:30,886 DEBUG u.s.s.d.u.UserDAO [main] Connection is established
2019-05-21 20:41:30,922 DEBUG u.s.s.d.b.BookingDAO [main] BookingBooking{bookingId=55, master=Yura, client=Vanya, 2019-05-21 17:00 - 2019-05-21 18:00}
2019-05-21 20:45:10,134 INFO u.s.s.c.ConnectionUtil [main] Connection with database established
2019-05-21 20:45:10,190 DEBUG u.s.s.d.b.BookingDAO [main] ResultSet in getAllBookingsByMasterIdAndDate() method executed
2019-05-21 20:45:10,440 DEBUG u.s.s.d.u.UserDAO [main] Connection is established
2019-05-21 20:45:10,576 DEBUG u.s.s.d.u.UserDAO [main] Connection is established
2019-05-21 20:45:10,648 DEBUG u.s.s.d.b.BookingDAO [main] BookingBooking{bookingId=55, master=Yura, client=Vanya, 2019-05-21 17:00 - 2019-05-21 18:00}
2019-05-21 20:45:10,672 DEBUG u.s.s.s.ScheduledGetAllBookingsCommandInvoker [main] Next run of executor2019-05-21T20:43:00.660+03:00[Europe/Kiev]
2019-05-21 20:45:30,071 INFO u.s.s.c.ConnectionUtil [main] Connection with database established
2019-05-21 20:45:30,363 DEBUG u.s.s.d.b.BookingDAO [main] ResultSet in getAllBookingsByMasterIdAndDate() method executed
2019-05-21 20:45:30,371 DEBUG u.s.s.d.u.UserDAO [main] Connection is established
2019-05-21 20:45:30,375 DEBUG u.s.s.d.u.UserDAO [main] Connection is established
2019-05-21 20:45:30,399 DEBUG u.s.s.d.b.BookingDAO [main] BookingBooking{bookingId=55, master=Yura, client=Vanya, 2019-05-21 17:00 - 2019-05-21 18:00}
2019-05-21 20:45:30,411 DEBUG u.s.s.s.ScheduledGetAllBookingsCommandInvoker [main] Next run of executor2019-05-21T20:46:00.411+03:00[Europe/Kiev]
2019-05-22 07:15:45,521 INFO u.s.s.c.ConnectionUtil [main] Connection with database established
2019-05-22 07:15:45,652 DEBUG u.s.s.d.b.BookingDAO [main] ResultSet in getAllBookingsByMasterIdAndDate() method executed
2019-05-22 07:15:45,819 DEBUG u.s.s.d.u.UserDAO [main] Connection is established
2019-05-22 07:15:45,875 DEBUG u.s.s.d.u.UserDAO [main] Connection is established
2019-05-22 07:15:45,933 DEBUG u.s.s.d.b.BookingDAO [main] BookingBooking{bookingId=56, master=Yura, client=Vanya, 2019-05-22 08:00 - 2019-05-22 09:00}
2019-05-22 07:15:45,934 DEBUG u.s.s.d.u.UserDAO [main] Connection is established
2019-05-22 07:15:45,936 DEBUG u.s.s.d.u.UserDAO [main] Connection is established
2019-05-22 07:15:45,939 DEBUG u.s.s.d.b.BookingDAO [main] BookingBooking{bookingId=57, master=Yura, client=Vanya, 2019-05-22 12:00 - 2019-05-22 13:00}
2019-05-22 07:15:45,940 DEBUG u.s.s.d.u.UserDAO [main] Connection is established
2019-05-22 07:15:45,942 DEBUG u.s.s.d.u.UserDAO [main] Connection is established
2019-05-22 07:15:45,945 DEBUG u.s.s.d.b.BookingDAO [main] BookingBooking{bookingId=58, master=Yura, client=Vanya, 2019-05-22 17:00 - 2019-05-22 18:00}
2019-05-22 07:15:45,998 DEBUG u.s.s.s.ScheduledGetAllBookingsCommandInvoker [main] Next run of executor2019-05-22T07:15:00.997+03:00[Europe/Kiev]
2019-05-22 07:16:32,450 INFO u.s.s.c.ConnectionUtil [main] Connection with database established
2019-05-22 07:16:32,540 DEBUG u.s.s.d.b.BookingDAO [main] ResultSet in getAllBookingsByMasterIdAndDate() method executed
2019-05-22 07:16:32,546 DEBUG u.s.s.d.u.UserDAO [main] Connection is established
2019-05-22 07:16:32,551 DEBUG u.s.s.d.u.UserDAO [main] Connection is established
2019-05-22 07:16:32,576 DEBUG u.s.s.d.b.BookingDAO [main] BookingBooking{bookingId=56, master=Yura, client=Vanya, 2019-05-22 08:00 - 2019-05-22 09:00}
2019-05-22 07:16:32,577 DEBUG u.s.s.d.u.UserDAO [main] Connection is established
2019-05-22 07:16:32,578 DEBUG u.s.s.d.u.UserDAO [main] Connection is established
2019-05-22 07:16:32,583 DEBUG u.s.s.d.b.BookingDAO [main] BookingBooking{bookingId=57, master=Yura, client=Vanya, 2019-05-22 12:00 - 2019-05-22 13:00}
2019-05-22 07:16:32,583 DEBUG u.s.s.d.u.UserDAO [main] Connection is established
2019-05-22 07:16:32,586 DEBUG u.s.s.d.u.UserDAO [main] Connection is established
2019-05-22 07:16:32,589 DEBUG u.s.s.d.b.BookingDAO [main] BookingBooking{bookingId=58, master=Yura, client=Vanya, 2019-05-22 17:00 - 2019-05-22 18:00}
2019-05-22 07:16:32,598 DEBUG u.s.s.s.ScheduledGetAllBookingsCommandInvoker [main] Next run of executor2019-05-22T07:18:00.597+03:00[Europe/Kiev]
2019-05-22 07:17:39,089 INFO u.s.s.c.ConnectionUtil [main] Connection with database established
2019-05-22 07:17:39,182 DEBUG u.s.s.d.b.BookingDAO [main] ResultSet in getAllBookingsByMasterIdAndDate() method executed
2019-05-22 07:17:39,188 DEBUG u.s.s.d.u.UserDAO [main] Connection is established
2019-05-22 07:17:39,196 DEBUG u.s.s.d.u.UserDAO [main] Connection is established
2019-05-22 07:17:39,220 DEBUG u.s.s.d.b.BookingDAO [main] BookingBooking{bookingId=56, master=Yura, client=Vanya, 2019-05-22 08:00 - 2019-05-22 09:00}
2019-05-22 07:17:39,221 DEBUG u.s.s.d.u.UserDAO [main] Connection is established
2019-05-22 07:17:39,223 DEBUG u.s.s.d.u.UserDAO [main] Connection is established
2019-05-22 07:17:39,227 DEBUG u.s.s.d.b.BookingDAO [main] BookingBooking{bookingId=57, master=Yura, client=Vanya, 2019-05-22 12:00 - 2019-05-22 13:00}
2019-05-22 07:17:39,227 DEBUG u.s.s.d.u.UserDAO [main] Connection is established
2019-05-22 07:17:39,230 DEBUG u.s.s.d.u.UserDAO [main] Connection is established
2019-05-22 07:17:39,233 DEBUG u.s.s.d.b.BookingDAO [main] BookingBooking{bookingId=58, master=Yura, client=Vanya, 2019-05-22 17:00 - 2019-05-22 18:00}
2019-05-22 07:17:39,241 DEBUG u.s.s.s.ScheduledGetAllBookingsCommandInvoker [main] Next run of executor2019-05-22T04:19:00.240+03:00[Europe/Kiev]
2019-05-22 07:58:12,569 INFO u.s.s.c.ConnectionUtil [main] Connection with database established
2019-05-22 07:58:12,663 DEBUG u.s.s.d.b.BookingDAO [main] ResultSet in getAllBookingsByMasterIdAndDate() method executed
2019-05-22 07:58:12,668 DEBUG u.s.s.d.u.UserDAO [main] Connection is established
2019-05-22 07:58:12,674 DEBUG u.s.s.d.u.UserDAO [main] Connection is established
2019-05-22 07:58:12,699 DEBUG u.s.s.d.b.BookingDAO [main] BookingBooking{bookingId=56, master=Yura, client=Vanya, 2019-05-22 08:00 - 2019-05-22 09:00}
2019-05-22 07:58:12,700 DEBUG u.s.s.d.u.UserDAO [main] Connection is established
2019-05-22 07:58:12,703 DEBUG u.s.s.d.u.UserDAO [main] Connection is established
2019-05-22 07:58:12,706 DEBUG u.s.s.d.b.BookingDAO [main] BookingBooking{bookingId=57, master=Yura, client=Vanya, 2019-05-22 12:00 - 2019-05-22 13:00}
2019-05-22 07:58:12,707 DEBUG u.s.s.d.u.UserDAO [main] Connection is established
2019-05-22 07:58:12,709 DEBUG u.s.s.d.u.UserDAO [main] Connection is established
2019-05-22 07:58:12,713 DEBUG u.s.s.d.b.BookingDAO [main] BookingBooking{bookingId=58, master=Yura, client=Vanya, 2019-05-22 17:00 - 2019-05-22 18:00}
2019-05-22 07:58:12,720 DEBUG u.s.s.s.ScheduledGetAllBookingsCommandInvoker [main] Next run of executor2019-05-22T07:59:00.720+03:00[Europe/Kiev]
2019-05-22 07:59:38,532 INFO u.s.s.c.ConnectionUtil [main] Connection with database established
2019-05-22 07:59:38,618 DEBUG u.s.s.d.b.BookingDAO [main] ResultSet in getAllBookingsByMasterIdAndDate() method executed
2019-05-22 07:59:38,624 DEBUG u.s.s.d.u.UserDAO [main] Connection is established
2019-05-22 07:59:38,632 DEBUG u.s.s.d.u.UserDAO [main] Connection is established
2019-05-22 07:59:38,658 DEBUG u.s.s.d.b.BookingDAO [main] BookingBooking{bookingId=56, master=Yura, client=Vanya, 2019-05-22 08:00 - 2019-05-22 09:00}
2019-05-22 07:59:38,658 DEBUG u.s.s.d.u.UserDAO [main] Connection is established
2019-05-22 07:59:38,661 DEBUG u.s.s.d.u.UserDAO [main] Connection is established
2019-05-22 07:59:38,682 DEBUG u.s.s.d.b.BookingDAO [main] BookingBooking{bookingId=57, master=Yura, client=Vanya, 2019-05-22 12:00 - 2019-05-22 13:00}
2019-05-22 07:59:38,683 DEBUG u.s.s.d.u.UserDAO [main] Connection is established
2019-05-22 07:59:38,685 DEBUG u.s.s.d.u.UserDAO [main] Connection is established
2019-05-22 07:59:38,689 DEBUG u.s.s.d.b.BookingDAO [main] BookingBooking{bookingId=58, master=Yura, client=Vanya, 2019-05-22 17:00 - 2019-05-22 18:00}
2019-05-22 07:59:38,697 DEBUG u.s.s.s.ScheduledGetAllBookingsCommandInvoker [main] Next run of executor2019-05-22T08:01:00.696+03:00[Europe/Kiev]
2019-05-22 08:06:31,982 INFO u.s.s.c.ConnectionUtil [main] Connection with database established
2019-05-22 08:06:32,077 DEBUG u.s.s.d.b.BookingDAO [main] ResultSet in getAllBookingsByMasterIdAndDate() method executed
2019-05-22 08:06:32,082 DEBUG u.s.s.d.u.UserDAO [main] Connection is established
2019-05-22 08:06:32,087 DEBUG u.s.s.d.u.UserDAO [main] Connection is established
2019-05-22 08:06:32,113 DEBUG u.s.s.d.b.BookingDAO [main] BookingBooking{bookingId=56, master=Yura, client=Vanya, 2019-05-22 08:00 - 2019-05-22 09:00}
2019-05-22 08:06:32,113 DEBUG u.s.s.d.u.UserDAO [main] Connection is established
2019-05-22 08:06:32,116 DEBUG u.s.s.d.u.UserDAO [main] Connection is established
2019-05-22 08:06:32,120 DEBUG u.s.s.d.b.BookingDAO [main] BookingBooking{bookingId=57, master=Yura, client=Vanya, 2019-05-22 12:00 - 2019-05-22 13:00}
2019-05-22 08:06:32,121 DEBUG u.s.s.d.u.UserDAO [main] Connection is established
2019-05-22 08:06:32,123 DEBUG u.s.s.d.u.UserDAO [main] Connection is established
2019-05-22 08:06:32,127 DEBUG u.s.s.d.b.BookingDAO [main] BookingBooking{bookingId=58, master=Yura, client=Vanya, 2019-05-22 17:00 - 2019-05-22 18:00}
2019-05-22 08:06:32,135 DEBUG u.s.s.s.ScheduledGetAllBookingsCommandInvoker [main] Next run of executor2019-05-22T08:01:00.134+03:00[Europe/Kiev]
2019-05-22 08:06:50,934 INFO u.s.s.c.ConnectionUtil [main] Connection with database established
2019-05-22 08:06:51,030 DEBUG u.s.s.d.b.BookingDAO [main] ResultSet in getAllBookingsByMasterIdAndDate() method executed
2019-05-22 08:06:51,036 DEBUG u.s.s.d.u.UserDAO [main] Connection is established
2019-05-22 08:06:51,041 DEBUG u.s.s.d.u.UserDAO [main] Connection is established
2019-05-22 08:06:51,070 DEBUG u.s.s.d.b.BookingDAO [main] BookingBooking{bookingId=56, master=Yura, client=Vanya, 2019-05-22 08:00 - 2019-05-22 09:00}
2019-05-22 08:06:51,071 DEBUG u.s.s.d.u.UserDAO [main] Connection is established
2019-05-22 08:06:51,074 DEBUG u.s.s.d.u.UserDAO [main] Connection is established
2019-05-22 08:06:51,079 DEBUG u.s.s.d.b.BookingDAO [main] BookingBooking{bookingId=57, master=Yura, client=Vanya, 2019-05-22 12:00 - 2019-05-22 13:00}
2019-05-22 08:06:51,080 DEBUG u.s.s.d.u.UserDAO [main] Connection is established
2019-05-22 08:06:51,086 DEBUG u.s.s.d.u.UserDAO [main] Connection is established
2019-05-22 08:06:51,089 DEBUG u.s.s.d.b.BookingDAO [main] BookingBooking{bookingId=58, master=Yura, client=Vanya, 2019-05-22 17:00 - 2019-05-22 18:00}
2019-05-22 08:06:51,097 DEBUG u.s.s.s.ScheduledGetAllBookingsCommandInvoker [main] Next run of executor2019-05-22T08:08:00.096+03:00[Europe/Kiev]
2019-05-22 08:14:39,354 INFO u.s.s.c.ConnectionUtil [main] Connection with database established
2019-05-22 08:14:39,467 DEBUG u.s.s.d.b.BookingDAO [main] ResultSet in getAllBookingsByMasterIdAndDate() method executed
2019-05-22 08:14:39,473 DEBUG u.s.s.d.u.UserDAO [main] Connection is established
2019-05-22 08:14:39,481 DEBUG u.s.s.d.u.UserDAO [main] Connection is established
2019-05-22 08:14:39,505 DEBUG u.s.s.d.b.BookingDAO [main] BookingBooking{bookingId=56, master=Yura, client=Vanya, 2019-05-22 08:00 - 2019-05-22 09:00}
2019-05-22 08:14:39,506 DEBUG u.s.s.d.u.UserDAO [main] Connection is established
2019-05-22 08:14:39,509 DEBUG u.s.s.d.u.UserDAO [main] Connection is established
2019-05-22 08:14:39,512 DEBUG u.s.s.d.b.BookingDAO [main] BookingBooking{bookingId=57, master=Yura, client=Vanya, 2019-05-22 12:00 - 2019-05-22 13:00}
2019-05-22 08:14:39,513 DEBUG u.s.s.d.u.UserDAO [main] Connection is established
2019-05-22 08:14:39,516 DEBUG u.s.s.d.u.UserDAO [main] Connection is established
2019-05-22 08:14:39,519 DEBUG u.s.s.d.b.BookingDAO [main] BookingBooking{bookingId=58, master=Yura, client=Vanya, 2019-05-22 17:00 - 2019-05-22 18:00}
2019-05-22 08:14:39,930 DEBUG u.s.s.s.ScheduledGetAllBookingsCommandInvoker [main] Next run of executor2019-05-22T08:16:00.929+03:00[Europe/Kiev]
2019-05-22 08:16:00,944 DEBUG u.s.s.d.b.BookingDAO [pool-2-thread-1] ResultSet in getAllBookingsByMasterIdAndDate() method executed
2019-05-22 08:16:00,945 DEBUG u.s.s.d.u.UserDAO [pool-2-thread-1] Connection is established
2019-05-22 08:16:00,947 DEBUG u.s.s.d.u.UserDAO [pool-2-thread-1] Connection is established
2019-05-22 08:16:00,950 DEBUG u.s.s.d.b.BookingDAO [pool-2-thread-1] BookingBooking{bookingId=56, master=Yura, client=Vanya, 2019-05-22 08:00 - 2019-05-22 09:00}
2019-05-22 08:16:00,950 DEBUG u.s.s.d.u.UserDAO [pool-2-thread-1] Connection is established
2019-05-22 08:16:00,952 DEBUG u.s.s.d.u.UserDAO [pool-2-thread-1] Connection is established
2019-05-22 08:16:00,955 DEBUG u.s.s.d.b.BookingDAO [pool-2-thread-1] BookingBooking{bookingId=57, master=Yura, client=Vanya, 2019-05-22 12:00 - 2019-05-22 13:00}
2019-05-22 08:16:00,955 DEBUG u.s.s.d.u.UserDAO [pool-2-thread-1] Connection is established
2019-05-22 08:16:00,957 DEBUG u.s.s.d.u.UserDAO [pool-2-thread-1] Connection is established
2019-05-22 08:16:00,959 DEBUG u.s.s.d.b.BookingDAO [pool-2-thread-1] BookingBooking{bookingId=58, master=Yura, client=Vanya, 2019-05-22 17:00 - 2019-05-22 18:00}
2019-05-22 10:44:09,092 INFO u.s.s.c.ConnectionUtil [main] Connection with database established
2019-05-22 10:44:09,612 DEBUG u.s.s.d.b.BookingDAO [main] ResultSet in getAllBookingsByMasterIdAndDate() method executed
2019-05-22 10:44:09,652 DEBUG u.s.s.d.u.UserDAO [main] Connection is established
2019-05-22 10:44:09,704 DEBUG u.s.s.d.u.UserDAO [main] Connection is established
2019-05-22 10:44:09,885 DEBUG u.s.s.d.b.BookingDAO [main] BookingBooking{bookingId=56, master=Yura, client=Vanya, 2019-05-22 08:00 - 2019-05-22 09:00}
2019-05-22 10:44:09,885 DEBUG u.s.s.d.u.UserDAO [main] Connection is established
2019-05-22 10:44:09,885 DEBUG u.s.s.d.u.UserDAO [main] Connection is established
2019-05-22 10:44:09,889 DEBUG u.s.s.d.b.BookingDAO [main] BookingBooking{bookingId=57, master=Yura, client=Vanya, 2019-05-22 12:00 - 2019-05-22 13:00}
2019-05-22 10:44:09,889 DEBUG u.s.s.d.u.UserDAO [main] Connection is established
2019-05-22 10:44:09,893 DEBUG u.s.s.d.u.UserDAO [main] Connection is established
2019-05-22 10:44:09,893 DEBUG u.s.s.d.b.BookingDAO [main] BookingBooking{bookingId=58, master=Yura, client=Vanya, 2019-05-22 17:00 - 2019-05-22 18:00}
2019-05-22 10:44:09,937 DEBUG u.s.s.s.ScheduledExecutor [main] Next run of executor2019-05-22T08:16:00.937+03:00[Europe/Kiev]
2019-05-22 10:44:09,941 WARN u.s.s.s.ScheduledExecutor [main] Exception occured in threadInvoke()
java.lang.NullPointerException: null
	at ua.salon.schedule.singleton.ScheduledExecutor.threadInvoke(ScheduledExecutor.java:44) [classes/:?]
	at ua.salon.schedule.Main.main(Main.java:17) [classes/:?]
2019-05-22 10:46:38,589 INFO u.s.s.c.ConnectionUtil [main] Connection with database established
2019-05-22 10:46:38,761 DEBUG u.s.s.d.b.BookingDAO [main] ResultSet in getAllBookingsByMasterIdAndDate() method executed
2019-05-22 10:46:38,765 DEBUG u.s.s.d.u.UserDAO [main] Connection is established
2019-05-22 10:46:38,835 DEBUG u.s.s.d.u.UserDAO [main] Connection is established
2019-05-22 10:46:38,859 DEBUG u.s.s.d.b.BookingDAO [main] BookingBooking{bookingId=56, master=Yura, client=Vanya, 2019-05-22 08:00 - 2019-05-22 09:00}
2019-05-22 10:46:38,859 DEBUG u.s.s.d.u.UserDAO [main] Connection is established
2019-05-22 10:46:38,859 DEBUG u.s.s.d.u.UserDAO [main] Connection is established
2019-05-22 10:46:38,863 DEBUG u.s.s.d.b.BookingDAO [main] BookingBooking{bookingId=57, master=Yura, client=Vanya, 2019-05-22 12:00 - 2019-05-22 13:00}
2019-05-22 10:46:38,863 DEBUG u.s.s.d.u.UserDAO [main] Connection is established
2019-05-22 10:46:38,867 DEBUG u.s.s.d.u.UserDAO [main] Connection is established
2019-05-22 10:46:38,871 DEBUG u.s.s.d.b.BookingDAO [main] BookingBooking{bookingId=58, master=Yura, client=Vanya, 2019-05-22 17:00 - 2019-05-22 18:00}
2019-05-22 10:46:39,120 DEBUG u.s.s.s.ScheduledExecutor [main] Next run of executor2019-05-22T10:48:00.120+03:00[Europe/Kiev]
2019-05-22 10:48:00,137 DEBUG u.s.s.d.b.BookingDAO [pool-2-thread-1] ResultSet in getAllBookingsByMasterIdAndDate() method executed
2019-05-22 10:48:00,137 DEBUG u.s.s.d.u.UserDAO [pool-2-thread-1] Connection is established
2019-05-22 10:48:00,137 DEBUG u.s.s.d.u.UserDAO [pool-2-thread-1] Connection is established
2019-05-22 10:48:00,141 DEBUG u.s.s.d.b.BookingDAO [pool-2-thread-1] BookingBooking{bookingId=56, master=Yura, client=Vanya, 2019-05-22 08:00 - 2019-05-22 09:00}
2019-05-22 10:48:00,141 DEBUG u.s.s.d.u.UserDAO [pool-2-thread-1] Connection is established
2019-05-22 10:48:00,145 DEBUG u.s.s.d.u.UserDAO [pool-2-thread-1] Connection is established
2019-05-22 10:48:00,149 DEBUG u.s.s.d.b.BookingDAO [pool-2-thread-1] BookingBooking{bookingId=57, master=Yura, client=Vanya, 2019-05-22 12:00 - 2019-05-22 13:00}
2019-05-22 10:48:00,149 DEBUG u.s.s.d.u.UserDAO [pool-2-thread-1] Connection is established
2019-05-22 10:48:00,153 DEBUG u.s.s.d.u.UserDAO [pool-2-thread-1] Connection is established
2019-05-22 10:48:00,157 DEBUG u.s.s.d.b.BookingDAO [pool-2-thread-1] BookingBooking{bookingId=58, master=Yura, client=Vanya, 2019-05-22 17:00 - 2019-05-22 18:00}
2019-05-22 11:39:30,383 INFO u.s.s.c.ConnectionUtil [main] Connection with database established
2019-05-22 11:39:30,937 DEBUG u.s.s.d.b.BookingDAO [main] ResultSet in getAllBookingsByMasterIdAndDate() method executed
2019-05-22 11:39:30,944 DEBUG u.s.s.d.u.UserDAO [main] Connection is established
2019-05-22 11:39:31,167 DEBUG u.s.s.d.u.UserDAO [main] Connection is established
2019-05-22 11:39:31,484 DEBUG u.s.s.d.b.BookingDAO [main] BookingBooking{bookingId=56, master=Yura, client=Vanya, 2019-05-22 08:00 - 2019-05-22 09:00}
2019-05-22 11:39:31,484 DEBUG u.s.s.d.u.UserDAO [main] Connection is established
2019-05-22 11:39:31,486 DEBUG u.s.s.d.u.UserDAO [main] Connection is established
2019-05-22 11:39:31,542 DEBUG u.s.s.d.b.BookingDAO [main] BookingBooking{bookingId=57, master=Yura, client=Vanya, 2019-05-22 12:00 - 2019-05-22 13:00}
2019-05-22 11:39:31,543 DEBUG u.s.s.d.u.UserDAO [main] Connection is established
2019-05-22 11:39:31,545 DEBUG u.s.s.d.u.UserDAO [main] Connection is established
2019-05-22 11:39:31,547 DEBUG u.s.s.d.b.BookingDAO [main] BookingBooking{bookingId=58, master=Yura, client=Vanya, 2019-05-22 17:00 - 2019-05-22 18:00}
2019-05-22 11:39:31,566 DEBUG u.s.s.s.ScheduledExecutor [main] Next run of executor2019-05-22T11:39:00.566+03:00[Europe/Kiev]
2019-05-22 11:39:31,571 DEBUG u.s.s.s.ScheduledExecutor [main] Next run of executor2019-05-22T11:39:00.570+03:00[Europe/Kiev]
2019-05-22 11:40:03,761 INFO u.s.s.c.ConnectionUtil [main] Connection with database established
2019-05-22 11:40:04,012 DEBUG u.s.s.d.b.BookingDAO [main] ResultSet in getAllBookingsByMasterIdAndDate() method executed
2019-05-22 11:40:04,017 DEBUG u.s.s.d.u.UserDAO [main] Connection is established
2019-05-22 11:40:04,089 DEBUG u.s.s.d.u.UserDAO [main] Connection is established
2019-05-22 11:40:04,111 DEBUG u.s.s.d.b.BookingDAO [main] BookingBooking{bookingId=56, master=Yura, client=Vanya, 2019-05-22 08:00 - 2019-05-22 09:00}
2019-05-22 11:40:04,112 DEBUG u.s.s.d.u.UserDAO [main] Connection is established
2019-05-22 11:40:04,114 DEBUG u.s.s.d.u.UserDAO [main] Connection is established
2019-05-22 11:40:04,117 DEBUG u.s.s.d.b.BookingDAO [main] BookingBooking{bookingId=57, master=Yura, client=Vanya, 2019-05-22 12:00 - 2019-05-22 13:00}
2019-05-22 11:40:04,118 DEBUG u.s.s.d.u.UserDAO [main] Connection is established
2019-05-22 11:40:04,120 DEBUG u.s.s.d.u.UserDAO [main] Connection is established
2019-05-22 11:40:04,124 DEBUG u.s.s.d.b.BookingDAO [main] BookingBooking{bookingId=58, master=Yura, client=Vanya, 2019-05-22 17:00 - 2019-05-22 18:00}
2019-05-22 11:40:04,138 DEBUG u.s.s.s.ScheduledExecutor [main] Next run of executor2019-05-22T11:41:00.138+03:00[Europe/Kiev]
2019-05-22 11:40:04,148 DEBUG u.s.s.s.ScheduledExecutor [main] Next run of executor2019-05-22T11:41:00.148+03:00[Europe/Kiev]
2019-05-22 11:41:00,151 DEBUG u.s.s.d.b.BookingDAO [pool-2-thread-1] ResultSet in getAllBookingsByMasterIdAndDate() method executed
2019-05-22 11:41:00,151 DEBUG u.s.s.d.u.UserDAO [pool-2-thread-1] Connection is established
2019-05-22 11:41:00,153 DEBUG u.s.s.d.u.UserDAO [pool-2-thread-1] Connection is established
2019-05-22 11:41:00,155 DEBUG u.s.s.d.b.BookingDAO [pool-2-thread-1] BookingBooking{bookingId=56, master=Yura, client=Vanya, 2019-05-22 08:00 - 2019-05-22 09:00}
2019-05-22 11:41:00,156 DEBUG u.s.s.d.u.UserDAO [pool-2-thread-1] Connection is established
2019-05-22 11:41:00,157 DEBUG u.s.s.d.u.UserDAO [pool-2-thread-1] Connection is established
2019-05-22 11:41:00,159 DEBUG u.s.s.d.b.BookingDAO [pool-2-thread-1] BookingBooking{bookingId=57, master=Yura, client=Vanya, 2019-05-22 12:00 - 2019-05-22 13:00}
2019-05-22 11:41:00,160 DEBUG u.s.s.d.u.UserDAO [pool-2-thread-1] Connection is established
2019-05-22 11:41:00,161 DEBUG u.s.s.d.u.UserDAO [pool-2-thread-1] Connection is established
2019-05-22 11:41:00,163 DEBUG u.s.s.d.b.BookingDAO [pool-2-thread-1] BookingBooking{bookingId=58, master=Yura, client=Vanya, 2019-05-22 17:00 - 2019-05-22 18:00}
2019-05-22 11:41:00,165 DEBUG u.s.s.d.b.BookingDAO [pool-2-thread-1] ResultSet in getAllBookingsByMasterIdAndDate() method executed
2019-05-22 11:41:00,166 DEBUG u.s.s.d.u.UserDAO [pool-2-thread-1] Connection is established
2019-05-22 11:41:00,167 DEBUG u.s.s.d.u.UserDAO [pool-2-thread-1] Connection is established
2019-05-22 11:41:00,169 DEBUG u.s.s.d.b.BookingDAO [pool-2-thread-1] BookingBooking{bookingId=56, master=Yura, client=Vanya, 2019-05-22 08:00 - 2019-05-22 09:00}
2019-05-22 11:41:00,169 DEBUG u.s.s.d.u.UserDAO [pool-2-thread-1] Connection is established
2019-05-22 11:41:00,171 DEBUG u.s.s.d.u.UserDAO [pool-2-thread-1] Connection is established
2019-05-22 11:41:00,173 DEBUG u.s.s.d.b.BookingDAO [pool-2-thread-1] BookingBooking{bookingId=57, master=Yura, client=Vanya, 2019-05-22 12:00 - 2019-05-22 13:00}
2019-05-22 11:41:00,173 DEBUG u.s.s.d.u.UserDAO [pool-2-thread-1] Connection is established
2019-05-22 11:41:00,174 DEBUG u.s.s.d.u.UserDAO [pool-2-thread-1] Connection is established
2019-05-22 11:41:00,176 DEBUG u.s.s.d.b.BookingDAO [pool-2-thread-1] BookingBooking{bookingId=58, master=Yura, client=Vanya, 2019-05-22 17:00 - 2019-05-22 18:00}
2019-05-22 11:42:51,142 INFO u.s.s.c.ConnectionUtil [main] Connection with database established
2019-05-22 11:42:51,355 DEBUG u.s.s.d.b.BookingDAO [main] ResultSet in getAllBookingsByMasterIdAndDate() method executed
2019-05-22 11:42:51,362 DEBUG u.s.s.d.u.UserDAO [main] Connection is established
2019-05-22 11:42:51,376 DEBUG u.s.s.d.u.UserDAO [main] Connection is established
2019-05-22 11:42:51,401 DEBUG u.s.s.d.b.BookingDAO [main] BookingBooking{bookingId=56, master=Yura, client=Vanya, 2019-05-22 08:00 - 2019-05-22 09:00}
2019-05-22 11:42:51,403 DEBUG u.s.s.d.u.UserDAO [main] Connection is established
2019-05-22 11:42:51,405 DEBUG u.s.s.d.u.UserDAO [main] Connection is established
2019-05-22 11:42:51,408 DEBUG u.s.s.d.b.BookingDAO [main] BookingBooking{bookingId=57, master=Yura, client=Vanya, 2019-05-22 12:00 - 2019-05-22 13:00}
2019-05-22 11:42:51,409 DEBUG u.s.s.d.u.UserDAO [main] Connection is established
2019-05-22 11:42:51,413 DEBUG u.s.s.d.u.UserDAO [main] Connection is established
2019-05-22 11:42:51,417 DEBUG u.s.s.d.b.BookingDAO [main] BookingBooking{bookingId=58, master=Yura, client=Vanya, 2019-05-22 17:00 - 2019-05-22 18:00}
2019-05-22 11:42:51,439 DEBUG u.s.s.s.ScheduledExecutor [main] Next run of executor2019-05-22T11:44:00.438+03:00[Europe/Kiev]
2019-05-23 16:56:57,379 INFO u.s.s.c.ConnectionUtil [main] Connection with database established
2019-05-23 16:56:58,248 DEBUG u.s.s.d.b.BookingDAO [main] ResultSet in getAllBookingsByMasterIdAndDate() method executed
2019-05-23 16:56:58,273 DEBUG u.s.s.s.ScheduledExecutor [main] Next run of executor2019-05-23T16:55:00.272+03:00[Europe/Kiev]
2019-05-23 16:57:57,139 INFO u.s.s.c.ConnectionUtil [main] Connection with database established
2019-05-23 16:57:57,238 DEBUG u.s.s.d.b.BookingDAO [main] ResultSet in getAllBookingsByMasterIdAndDate() method executed
2019-05-23 16:57:57,252 DEBUG u.s.s.s.ScheduledExecutor [main] Next run of executor2019-05-23T16:59:00.251+03:00[Europe/Kiev]
2019-05-23 16:59:00,266 DEBUG u.s.s.d.b.BookingDAO [pool-2-thread-1] ResultSet in getAllBookingsByMasterIdAndDate() method executed
2019-05-23 17:02:53,942 INFO u.s.s.c.ConnectionUtil [main] Connection with database established
2019-05-23 17:02:54,127 DEBUG u.s.s.d.b.BookingDAO [main] ResultSet in getAllBookingsByMasterIdAndDate() method executed
2019-05-23 17:02:54,135 DEBUG u.s.s.d.u.UserDAO [main] Connection is established
2019-05-23 17:02:54,143 DEBUG u.s.s.d.u.UserDAO [main] Connection is established
2019-05-23 17:02:54,173 DEBUG u.s.s.d.b.BookingDAO [main] BookingBooking{bookingId=59, master=Yura, client=Vanya, 2019-05-23 08:00 - 2019-05-23 09:00}
2019-05-23 17:02:54,174 DEBUG u.s.s.d.u.UserDAO [main] Connection is established
2019-05-23 17:02:54,177 DEBUG u.s.s.d.u.UserDAO [main] Connection is established
2019-05-23 17:02:54,180 DEBUG u.s.s.d.b.BookingDAO [main] BookingBooking{bookingId=60, master=Yura, client=Vanya, 2019-05-23 12:00 - 2019-05-23 13:00}
2019-05-23 17:02:54,195 DEBUG u.s.s.s.ScheduledExecutor [main] Next run of executor2019-05-23T17:04:00.194+03:00[Europe/Kiev]
2019-05-23 17:04:00,208 DEBUG u.s.s.d.b.BookingDAO [pool-2-thread-1] ResultSet in getAllBookingsByMasterIdAndDate() method executed
2019-05-23 17:04:00,208 DEBUG u.s.s.d.u.UserDAO [pool-2-thread-1] Connection is established
2019-05-23 17:04:00,210 DEBUG u.s.s.d.u.UserDAO [pool-2-thread-1] Connection is established
2019-05-23 17:04:00,213 DEBUG u.s.s.d.b.BookingDAO [pool-2-thread-1] BookingBooking{bookingId=59, master=Yura, client=Vanya, 2019-05-23 08:00 - 2019-05-23 09:00}
2019-05-23 17:04:00,213 DEBUG u.s.s.d.u.UserDAO [pool-2-thread-1] Connection is established
2019-05-23 17:04:00,215 DEBUG u.s.s.d.u.UserDAO [pool-2-thread-1] Connection is established
2019-05-23 17:04:00,217 DEBUG u.s.s.d.b.BookingDAO [pool-2-thread-1] BookingBooking{bookingId=60, master=Yura, client=Vanya, 2019-05-23 12:00 - 2019-05-23 13:00}
2019-05-23 17:05:48,169 INFO u.s.s.c.ConnectionUtil [main] Connection with database established
2019-05-23 17:05:48,329 DEBUG u.s.s.d.b.BookingDAO [main] ResultSet in getAllBookingsByMasterIdAndDate() method executed
2019-05-23 17:05:48,336 DEBUG u.s.s.d.u.UserDAO [main] Connection is established
2019-05-23 17:05:48,344 DEBUG u.s.s.d.u.UserDAO [main] Connection is established
2019-05-23 17:05:48,369 DEBUG u.s.s.d.b.BookingDAO [main] BookingBooking{bookingId=59, master=Yura, client=Vanya, 2019-05-23 08:00 - 2019-05-23 09:00}
2019-05-23 17:05:48,370 DEBUG u.s.s.d.u.UserDAO [main] Connection is established
2019-05-23 17:05:48,373 DEBUG u.s.s.d.u.UserDAO [main] Connection is established
2019-05-23 17:05:48,376 DEBUG u.s.s.d.b.BookingDAO [main] BookingBooking{bookingId=60, master=Yura, client=Vanya, 2019-05-23 12:00 - 2019-05-23 13:00}
2019-05-23 17:05:48,394 DEBUG u.s.s.s.ScheduledExecutor [main] Next run of executor2019-05-23T17:07:00.393+03:00[Europe/Kiev]
2019-05-23 17:07:00,409 DEBUG u.s.s.d.b.BookingDAO [pool-2-thread-1] ResultSet in getAllBookingsByMasterIdAndDate() method executed
2019-05-23 17:07:00,410 DEBUG u.s.s.d.u.UserDAO [pool-2-thread-1] Connection is established
2019-05-23 17:07:00,411 DEBUG u.s.s.d.u.UserDAO [pool-2-thread-1] Connection is established
2019-05-23 17:07:00,413 DEBUG u.s.s.d.b.BookingDAO [pool-2-thread-1] BookingBooking{bookingId=59, master=Yura, client=Vanya, 2019-05-23 08:00 - 2019-05-23 09:00}
2019-05-23 17:07:00,414 DEBUG u.s.s.d.u.UserDAO [pool-2-thread-1] Connection is established
2019-05-23 17:07:00,416 DEBUG u.s.s.d.u.UserDAO [pool-2-thread-1] Connection is established
2019-05-23 17:07:00,418 DEBUG u.s.s.d.b.BookingDAO [pool-2-thread-1] BookingBooking{bookingId=60, master=Yura, client=Vanya, 2019-05-23 12:00 - 2019-05-23 13:00}
2019-05-23 17:11:01,093 INFO u.s.s.c.ConnectionUtil [main] Connection with database established
2019-05-23 17:11:01,213 DEBUG u.s.s.d.b.BookingDAO [main] ResultSet in getAllBookingsByMasterIdAndDate() method executed
2019-05-23 17:11:01,220 DEBUG u.s.s.d.u.UserDAO [main] Connection is established
2019-05-23 17:11:01,240 DEBUG u.s.s.d.u.UserDAO [main] Connection is established
2019-05-23 17:11:01,266 DEBUG u.s.s.d.b.BookingDAO [main] BookingBooking{bookingId=59, master=Yura, client=Vanya, 2019-05-23 08:00 - 2019-05-23 09:00}
2019-05-23 17:11:01,267 DEBUG u.s.s.d.u.UserDAO [main] Connection is established
2019-05-23 17:11:01,270 DEBUG u.s.s.d.u.UserDAO [main] Connection is established
2019-05-23 17:11:01,273 DEBUG u.s.s.d.b.BookingDAO [main] BookingBooking{bookingId=60, master=Yura, client=Vanya, 2019-05-23 12:00 - 2019-05-23 13:00}
2019-05-23 17:11:01,289 DEBUG u.s.s.s.ScheduledExecutor [main] Next run of executor2019-05-23T17:12:00.288+03:00[Europe/Kiev]
2019-05-23 17:12:00,302 DEBUG u.s.s.d.b.BookingDAO [pool-2-thread-1] ResultSet in getAllBookingsByMasterIdAndDate() method executed
2019-05-23 17:12:00,303 DEBUG u.s.s.d.u.UserDAO [pool-2-thread-1] Connection is established
2019-05-23 17:12:00,305 DEBUG u.s.s.d.u.UserDAO [pool-2-thread-1] Connection is established
2019-05-23 17:12:00,307 DEBUG u.s.s.d.b.BookingDAO [pool-2-thread-1] BookingBooking{bookingId=59, master=Yura, client=Vanya, 2019-05-23 08:00 - 2019-05-23 09:00}
2019-05-23 17:12:00,308 DEBUG u.s.s.d.u.UserDAO [pool-2-thread-1] Connection is established
2019-05-23 17:12:00,310 DEBUG u.s.s.d.u.UserDAO [pool-2-thread-1] Connection is established
2019-05-23 17:12:00,311 DEBUG u.s.s.d.b.BookingDAO [pool-2-thread-1] BookingBooking{bookingId=60, master=Yura, client=Vanya, 2019-05-23 12:00 - 2019-05-23 13:00}
2019-05-23 17:13:42,454 INFO u.s.s.c.ConnectionUtil [main] Connection with database established
2019-05-23 17:13:42,575 DEBUG u.s.s.d.b.BookingDAO [main] ResultSet in getAllBookingsByMasterIdAndDate() method executed
2019-05-23 17:13:42,582 DEBUG u.s.s.d.u.UserDAO [main] Connection is established
2019-05-23 17:13:42,592 DEBUG u.s.s.d.u.UserDAO [main] Connection is established
2019-05-23 17:13:42,619 DEBUG u.s.s.d.b.BookingDAO [main] BookingBooking{bookingId=59, master=Yura, client=Vanya, 2019-05-23 08:00 - 2019-05-23 09:00}
2019-05-23 17:13:42,620 DEBUG u.s.s.d.u.UserDAO [main] Connection is established
2019-05-23 17:13:42,623 DEBUG u.s.s.d.u.UserDAO [main] Connection is established
2019-05-23 17:13:42,626 DEBUG u.s.s.d.b.BookingDAO [main] BookingBooking{bookingId=60, master=Yura, client=Vanya, 2019-05-23 12:00 - 2019-05-23 13:00}
2019-05-23 17:13:42,644 DEBUG u.s.s.s.ScheduledExecutor [main] Next run of executor2019-05-23T17:15:00.643+03:00[Europe/Kiev]
2019-05-23 17:15:00,658 DEBUG u.s.s.d.b.BookingDAO [pool-2-thread-1] ResultSet in getAllBookingsByMasterIdAndDate() method executed
2019-05-23 17:15:00,658 DEBUG u.s.s.d.u.UserDAO [pool-2-thread-1] Connection is established
2019-05-23 17:15:00,660 DEBUG u.s.s.d.u.UserDAO [pool-2-thread-1] Connection is established
2019-05-23 17:15:00,662 DEBUG u.s.s.d.b.BookingDAO [pool-2-thread-1] BookingBooking{bookingId=59, master=Yura, client=Vanya, 2019-05-23 08:00 - 2019-05-23 09:00}
2019-05-23 17:15:00,663 DEBUG u.s.s.d.u.UserDAO [pool-2-thread-1] Connection is established
2019-05-23 17:15:00,664 DEBUG u.s.s.d.u.UserDAO [pool-2-thread-1] Connection is established
2019-05-23 17:15:00,667 DEBUG u.s.s.d.b.BookingDAO [pool-2-thread-1] BookingBooking{bookingId=60, master=Yura, client=Vanya, 2019-05-23 12:00 - 2019-05-23 13:00}
2019-05-23 17:18:14,689 INFO u.s.s.c.ConnectionUtil [main] Connection with database established
2019-05-23 17:18:14,777 DEBUG u.s.s.d.b.BookingDAO [main] ResultSet in getAllBookingsByMasterIdAndDate() method executed
2019-05-23 17:18:14,783 DEBUG u.s.s.d.u.UserDAO [main] Connection is established
2019-05-23 17:18:14,792 DEBUG u.s.s.d.u.UserDAO [main] Connection is established
2019-05-23 17:18:14,819 DEBUG u.s.s.d.b.BookingDAO [main] BookingBooking{bookingId=59, master=Yura, client=Vanya, 2019-05-23 08:00 - 2019-05-23 09:00}
2019-05-23 17:18:14,820 DEBUG u.s.s.d.u.UserDAO [main] Connection is established
2019-05-23 17:18:14,823 DEBUG u.s.s.d.u.UserDAO [main] Connection is established
2019-05-23 17:18:14,827 DEBUG u.s.s.d.b.BookingDAO [main] BookingBooking{bookingId=60, master=Yura, client=Vanya, 2019-05-23 12:00 - 2019-05-23 13:00}
2019-05-23 17:18:14,846 DEBUG u.s.s.s.ScheduledExecutor [main] Next run of executor2019-05-23T17:19:00.846+03:00[Europe/Kiev]
2019-05-23 17:19:00,859 DEBUG u.s.s.d.b.BookingDAO [pool-2-thread-1] ResultSet in getAllBookingsByMasterIdAndDate() method executed
2019-05-23 17:19:00,860 DEBUG u.s.s.d.u.UserDAO [pool-2-thread-1] Connection is established
2019-05-23 17:19:00,863 DEBUG u.s.s.d.u.UserDAO [pool-2-thread-1] Connection is established
2019-05-23 17:19:00,865 DEBUG u.s.s.d.b.BookingDAO [pool-2-thread-1] BookingBooking{bookingId=59, master=Yura, client=Vanya, 2019-05-23 08:00 - 2019-05-23 09:00}
2019-05-23 17:19:00,866 DEBUG u.s.s.d.u.UserDAO [pool-2-thread-1] Connection is established
2019-05-23 17:19:00,868 DEBUG u.s.s.d.u.UserDAO [pool-2-thread-1] Connection is established
2019-05-23 17:19:00,870 DEBUG u.s.s.d.b.BookingDAO [pool-2-thread-1] BookingBooking{bookingId=60, master=Yura, client=Vanya, 2019-05-23 12:00 - 2019-05-23 13:00}
2019-05-23 17:24:30,294 INFO u.s.s.c.ConnectionUtil [main] Connection with database established
2019-05-23 17:24:30,512 DEBUG u.s.s.d.b.BookingDAO [main] ResultSet in getAllBookingsByMasterIdAndDate() method executed
2019-05-23 17:24:30,528 DEBUG u.s.s.d.u.UserDAO [main] Connection is established
2019-05-23 17:24:30,537 DEBUG u.s.s.d.u.UserDAO [main] Connection is established
2019-05-23 17:24:30,578 DEBUG u.s.s.d.b.BookingDAO [main] BookingBooking{bookingId=59, master=Yura, client=Vanya, 2019-05-23 08:00 - 2019-05-23 09:00}
2019-05-23 17:24:30,579 DEBUG u.s.s.d.u.UserDAO [main] Connection is established
2019-05-23 17:24:30,583 DEBUG u.s.s.d.u.UserDAO [main] Connection is established
2019-05-23 17:24:30,587 DEBUG u.s.s.d.b.BookingDAO [main] BookingBooking{bookingId=60, master=Yura, client=Vanya, 2019-05-23 12:00 - 2019-05-23 13:00}
2019-05-23 17:24:30,615 DEBUG u.s.s.s.ScheduledExecutor [main] Next run of executor2019-05-23T17:26:00.614+03:00[Europe/Kiev]
2019-05-23 17:26:00,636 DEBUG u.s.s.d.b.BookingDAO [pool-2-thread-1] ResultSet in getAllBookingsByMasterIdAndDate() method executed
2019-05-23 17:26:00,637 DEBUG u.s.s.d.u.UserDAO [pool-2-thread-1] Connection is established
2019-05-23 17:26:00,640 DEBUG u.s.s.d.u.UserDAO [pool-2-thread-1] Connection is established
2019-05-23 17:26:00,643 DEBUG u.s.s.d.b.BookingDAO [pool-2-thread-1] BookingBooking{bookingId=59, master=Yura, client=Vanya, 2019-05-23 08:00 - 2019-05-23 09:00}
2019-05-23 17:26:00,644 DEBUG u.s.s.d.u.UserDAO [pool-2-thread-1] Connection is established
2019-05-23 17:26:00,646 DEBUG u.s.s.d.u.UserDAO [pool-2-thread-1] Connection is established
2019-05-23 17:26:00,649 DEBUG u.s.s.d.b.BookingDAO [pool-2-thread-1] BookingBooking{bookingId=60, master=Yura, client=Vanya, 2019-05-23 12:00 - 2019-05-23 13:00}
2019-05-23 17:45:28,016 INFO u.s.s.c.ConnectionUtil [main] Connection with database established
2019-05-23 17:45:28,136 DEBUG u.s.s.d.b.BookingDAO [main] ResultSet in getAllBookingsByMasterIdAndDate() method executed
2019-05-23 17:45:28,140 DEBUG u.s.s.d.u.UserDAO [main] Connection is established
2019-05-23 17:45:28,188 DEBUG u.s.s.d.u.UserDAO [main] Connection is established
2019-05-23 17:45:28,288 DEBUG u.s.s.d.b.BookingDAO [main] BookingBooking{bookingId=59, master=Yura, client=Vanya, 2019-05-23 08:00 - 2019-05-23 09:00}
2019-05-23 17:45:28,288 DEBUG u.s.s.d.u.UserDAO [main] Connection is established
2019-05-23 17:45:28,292 DEBUG u.s.s.d.u.UserDAO [main] Connection is established
2019-05-23 17:45:28,296 DEBUG u.s.s.d.b.BookingDAO [main] BookingBooking{bookingId=60, master=Yura, client=Vanya, 2019-05-23 12:00 - 2019-05-23 13:00}
2019-05-23 17:45:28,420 DEBUG u.s.s.s.ScheduledExecutor [main] Next run of executor2019-05-23T17:46:00.420+03:00[Europe/Kiev]
2019-05-23 17:46:00,440 DEBUG u.s.s.d.b.BookingDAO [pool-2-thread-1] ResultSet in getAllBookingsByMasterIdAndDate() method executed
2019-05-23 17:46:00,440 DEBUG u.s.s.d.u.UserDAO [pool-2-thread-1] Connection is established
2019-05-23 17:46:00,444 DEBUG u.s.s.d.u.UserDAO [pool-2-thread-1] Connection is established
2019-05-23 17:46:00,444 DEBUG u.s.s.d.b.BookingDAO [pool-2-thread-1] BookingBooking{bookingId=59, master=Yura, client=Vanya, 2019-05-23 08:00 - 2019-05-23 09:00}
2019-05-23 17:46:00,448 DEBUG u.s.s.d.u.UserDAO [pool-2-thread-1] Connection is established
2019-05-23 17:46:00,448 DEBUG u.s.s.d.u.UserDAO [pool-2-thread-1] Connection is established
2019-05-23 17:46:00,452 DEBUG u.s.s.d.b.BookingDAO [pool-2-thread-1] BookingBooking{bookingId=60, master=Yura, client=Vanya, 2019-05-23 12:00 - 2019-05-23 13:00}
2019-05-23 17:46:00,456 DEBUG u.s.s.c.GetAllBookingsByDayCommand [pool-2-thread-1] Observer MailClient.class was notified
2019-05-23 17:59:35,546 INFO u.s.s.c.ConnectionUtil [main] Connection with database established
2019-05-23 17:59:35,662 DEBUG u.s.s.d.b.BookingDAO [main] ResultSet in getAllBookingsByMasterIdAndDate() method executed
2019-05-23 17:59:35,666 DEBUG u.s.s.d.u.UserDAO [main] Connection is established
2019-05-23 17:59:35,674 DEBUG u.s.s.d.u.UserDAO [main] Connection is established
2019-05-23 17:59:35,694 DEBUG u.s.s.d.b.BookingDAO [main] BookingBooking{bookingId=59, master=Yura, client=Vanya, 2019-05-23 08:00 - 2019-05-23 09:00}
2019-05-23 17:59:35,698 DEBUG u.s.s.d.u.UserDAO [main] Connection is established
2019-05-23 17:59:35,698 DEBUG u.s.s.d.u.UserDAO [main] Connection is established
2019-05-23 17:59:35,702 DEBUG u.s.s.d.b.BookingDAO [main] BookingBooking{bookingId=60, master=Yura, client=Vanya, 2019-05-23 12:00 - 2019-05-23 13:00}
2019-05-23 17:59:35,714 DEBUG u.s.s.s.ScheduledExecutor [main] Next run of executor2019-05-23T18:01:00.714+03:00[Europe/Kiev]
2019-05-23 18:01:00,730 DEBUG u.s.s.d.b.BookingDAO [pool-2-thread-1] ResultSet in getAllBookingsByMasterIdAndDate() method executed
2019-05-23 18:01:00,730 DEBUG u.s.s.d.u.UserDAO [pool-2-thread-1] Connection is established
2019-05-23 18:01:00,734 DEBUG u.s.s.d.u.UserDAO [pool-2-thread-1] Connection is established
2019-05-23 18:01:00,734 DEBUG u.s.s.d.b.BookingDAO [pool-2-thread-1] BookingBooking{bookingId=59, master=Yura, client=Vanya, 2019-05-23 08:00 - 2019-05-23 09:00}
2019-05-23 18:01:00,738 DEBUG u.s.s.d.u.UserDAO [pool-2-thread-1] Connection is established
2019-05-23 18:01:00,738 DEBUG u.s.s.d.u.UserDAO [pool-2-thread-1] Connection is established
2019-05-23 18:01:00,742 DEBUG u.s.s.d.b.BookingDAO [pool-2-thread-1] BookingBooking{bookingId=60, master=Yura, client=Vanya, 2019-05-23 12:00 - 2019-05-23 13:00}
2019-05-23 18:01:00,742 DEBUG u.s.s.c.GetAllBookingsByDayCommand [pool-2-thread-1] Observer MailClient.class was notified
2019-05-23 18:08:42,341 INFO u.s.s.c.ConnectionUtil [main] Connection with database established
2019-05-23 18:08:42,531 DEBUG u.s.s.d.b.BookingDAO [main] ResultSet in getAllBookingsByMasterIdAndDate() method executed
2019-05-23 18:08:42,535 DEBUG u.s.s.d.u.UserDAO [main] Connection is established
2019-05-23 18:08:42,575 DEBUG u.s.s.d.u.UserDAO [main] Connection is established
2019-05-23 18:08:42,595 DEBUG u.s.s.d.b.BookingDAO [main] BookingBooking{bookingId=59, master=Yura, client=Vanya, 2019-05-23 08:00 - 2019-05-23 09:00}
2019-05-23 18:08:42,595 DEBUG u.s.s.d.u.UserDAO [main] Connection is established
2019-05-23 18:08:42,599 DEBUG u.s.s.d.u.UserDAO [main] Connection is established
2019-05-23 18:08:42,599 DEBUG u.s.s.d.b.BookingDAO [main] BookingBooking{bookingId=60, master=Yura, client=Vanya, 2019-05-23 12:00 - 2019-05-23 13:00}
2019-05-23 18:08:42,615 DEBUG u.s.s.s.ScheduledExecutor [main] Next run of executor2019-05-23T18:10:00.615+03:00[Europe/Kiev]
2019-05-23 18:10:00,626 DEBUG u.s.s.d.b.BookingDAO [pool-2-thread-1] ResultSet in getAllBookingsByMasterIdAndDate() method executed
2019-05-23 18:10:00,631 DEBUG u.s.s.d.u.UserDAO [pool-2-thread-1] Connection is established
2019-05-23 18:10:00,631 DEBUG u.s.s.d.u.UserDAO [pool-2-thread-1] Connection is established
2019-05-23 18:10:00,635 DEBUG u.s.s.d.b.BookingDAO [pool-2-thread-1] BookingBooking{bookingId=59, master=Yura, client=Vanya, 2019-05-23 08:00 - 2019-05-23 09:00}
2019-05-23 18:10:00,635 DEBUG u.s.s.d.u.UserDAO [pool-2-thread-1] Connection is established
2019-05-23 18:10:00,639 DEBUG u.s.s.d.u.UserDAO [pool-2-thread-1] Connection is established
2019-05-23 18:10:00,643 DEBUG u.s.s.d.b.BookingDAO [pool-2-thread-1] BookingBooking{bookingId=60, master=Yura, client=Vanya, 2019-05-23 12:00 - 2019-05-23 13:00}
2019-05-23 18:10:00,643 DEBUG u.s.s.c.GetAllBookingsByDayCommand [pool-2-thread-1] Observer MailClient.class was notified
2019-05-23 18:14:05,288 INFO u.s.s.c.ConnectionUtil [main] Connection with database established
2019-05-23 18:14:05,352 DEBUG u.s.s.d.b.BookingDAO [main] ResultSet in getAllBookingsByMasterIdAndDate() method executed
2019-05-23 18:14:05,356 DEBUG u.s.s.d.u.UserDAO [main] Connection is established
2019-05-23 18:14:05,384 DEBUG u.s.s.d.u.UserDAO [main] Connection is established
2019-05-23 18:14:05,404 DEBUG u.s.s.d.b.BookingDAO [main] BookingBooking{bookingId=59, master=Yura, client=Vanya, 2019-05-23 08:00 - 2019-05-23 09:00}
2019-05-23 18:14:05,404 DEBUG u.s.s.d.u.UserDAO [main] Connection is established
2019-05-23 18:14:05,408 DEBUG u.s.s.d.u.UserDAO [main] Connection is established
2019-05-23 18:14:05,408 DEBUG u.s.s.d.b.BookingDAO [main] BookingBooking{bookingId=60, master=Yura, client=Vanya, 2019-05-23 12:00 - 2019-05-23 13:00}
2019-05-23 18:14:05,424 DEBUG u.s.s.s.ScheduledExecutor [main] Next run of executor2019-05-23T18:15:00.420+03:00[Europe/Kiev]
2019-05-23 18:15:00,471 DEBUG u.s.s.d.b.BookingDAO [pool-2-thread-1] ResultSet in getAllBookingsByMasterIdAndDate() method executed
2019-05-23 18:15:00,471 DEBUG u.s.s.d.u.UserDAO [pool-2-thread-1] Connection is established
2019-05-23 18:15:00,471 DEBUG u.s.s.d.u.UserDAO [pool-2-thread-1] Connection is established
2019-05-23 18:15:00,475 DEBUG u.s.s.d.b.BookingDAO [pool-2-thread-1] BookingBooking{bookingId=59, master=Yura, client=Vanya, 2019-05-23 08:00 - 2019-05-23 09:00}
2019-05-23 18:15:00,475 DEBUG u.s.s.d.u.UserDAO [pool-2-thread-1] Connection is established
2019-05-23 18:15:00,479 DEBUG u.s.s.d.u.UserDAO [pool-2-thread-1] Connection is established
2019-05-23 18:15:00,483 DEBUG u.s.s.d.b.BookingDAO [pool-2-thread-1] BookingBooking{bookingId=60, master=Yura, client=Vanya, 2019-05-23 12:00 - 2019-05-23 13:00}
2019-05-23 18:15:00,483 DEBUG u.s.s.c.GetAllBookingsByDayCommand [pool-2-thread-1] Observer MailClient.class was notified
2019-05-23 18:16:36,840 INFO u.s.s.c.ConnectionUtil [main] Connection with database established
2019-05-23 18:16:36,908 DEBUG u.s.s.d.b.BookingDAO [main] ResultSet in getAllBookingsByMasterIdAndDate() method executed
2019-05-23 18:16:36,916 DEBUG u.s.s.d.u.UserDAO [main] Connection is established
2019-05-23 18:16:36,920 DEBUG u.s.s.d.u.UserDAO [main] Connection is established
2019-05-23 18:16:36,940 DEBUG u.s.s.d.b.BookingDAO [main] BookingBooking{bookingId=59, master=Yura, client=Vanya, 2019-05-23 08:00 - 2019-05-23 09:00}
2019-05-23 18:16:36,940 DEBUG u.s.s.d.u.UserDAO [main] Connection is established
2019-05-23 18:16:36,944 DEBUG u.s.s.d.u.UserDAO [main] Connection is established
2019-05-23 18:16:36,948 DEBUG u.s.s.d.b.BookingDAO [main] BookingBooking{bookingId=60, master=Yura, client=Vanya, 2019-05-23 12:00 - 2019-05-23 13:00}
2019-05-23 18:16:36,960 DEBUG u.s.s.s.ScheduledExecutor [main] Next run of executor2019-05-23T18:17:00.960+03:00[Europe/Kiev]
2019-05-23 18:17:00,970 DEBUG u.s.s.d.b.BookingDAO [pool-2-thread-1] ResultSet in getAllBookingsByMasterIdAndDate() method executed
2019-05-23 18:17:00,974 DEBUG u.s.s.d.u.UserDAO [pool-2-thread-1] Connection is established
2019-05-23 18:17:00,974 DEBUG u.s.s.d.u.UserDAO [pool-2-thread-1] Connection is established
2019-05-23 18:17:00,978 DEBUG u.s.s.d.b.BookingDAO [pool-2-thread-1] BookingBooking{bookingId=59, master=Yura, client=Vanya, 2019-05-23 08:00 - 2019-05-23 09:00}
2019-05-23 18:17:00,978 DEBUG u.s.s.d.u.UserDAO [pool-2-thread-1] Connection is established
2019-05-23 18:17:00,982 DEBUG u.s.s.d.u.UserDAO [pool-2-thread-1] Connection is established
2019-05-23 18:17:00,986 DEBUG u.s.s.d.b.BookingDAO [pool-2-thread-1] BookingBooking{bookingId=60, master=Yura, client=Vanya, 2019-05-23 12:00 - 2019-05-23 13:00}
2019-05-23 18:17:00,986 DEBUG u.s.s.c.GetAllBookingsByDayCommand [pool-2-thread-1] Observer MailClient.class was notified
2019-05-28 14:29:31,202 INFO u.s.s.c.ConnectionUtil [main] Connection with database established
2019-05-28 14:29:31,355 DEBUG u.s.s.d.b.BookingDAO [main] ResultSet in getAllBookingsByMasterIdAndDate() method executed
2019-05-28 14:29:31,358 DEBUG u.s.s.d.u.UserDAO [main] Connection is established
2019-05-28 14:29:31,403 DEBUG u.s.s.d.u.UserDAO [main] Connection is established
2019-05-28 14:29:31,467 DEBUG u.s.s.d.b.BookingDAO [main] BookingBooking{bookingId=61, master=Yura, client=Vanya, 2019-05-28 09:00 - 2019-05-28 10:00}
2019-05-28 14:29:31,467 DEBUG u.s.s.d.u.UserDAO [main] Connection is established
2019-05-28 14:29:31,469 DEBUG u.s.s.d.u.UserDAO [main] Connection is established
2019-05-28 14:29:31,471 DEBUG u.s.s.d.b.BookingDAO [main] BookingBooking{bookingId=62, master=Yura, client=Vanya, 2019-05-28 12:00 - 2019-05-28 13:00}
2019-05-28 14:29:31,617 DEBUG u.s.s.s.ScheduledExecutor [main] Next run of executor2019-05-28T14:31:00.617+03:00[Europe/Kiev]
2019-05-28 14:31:00,628 DEBUG u.s.s.d.b.BookingDAO [pool-2-thread-1] ResultSet in getAllBookingsByMasterIdAndDate() method executed
2019-05-28 14:31:00,629 DEBUG u.s.s.d.u.UserDAO [pool-2-thread-1] Connection is established
2019-05-28 14:31:00,631 DEBUG u.s.s.d.u.UserDAO [pool-2-thread-1] Connection is established
2019-05-28 14:31:00,633 DEBUG u.s.s.d.b.BookingDAO [pool-2-thread-1] BookingBooking{bookingId=61, master=Yura, client=Vanya, 2019-05-28 09:00 - 2019-05-28 10:00}
2019-05-28 14:31:00,633 DEBUG u.s.s.d.u.UserDAO [pool-2-thread-1] Connection is established
2019-05-28 14:31:00,635 DEBUG u.s.s.d.u.UserDAO [pool-2-thread-1] Connection is established
2019-05-28 14:31:00,637 DEBUG u.s.s.d.b.BookingDAO [pool-2-thread-1] BookingBooking{bookingId=62, master=Yura, client=Vanya, 2019-05-28 12:00 - 2019-05-28 13:00}
2019-05-28 14:31:00,638 DEBUG u.s.s.s.MailClient [pool-2-thread-1] Some troubles are here
2019-05-28 14:31:00,638 DEBUG u.s.s.s.MailClient [pool-2-thread-1] Observer was notified by GetAllBookingsByDayCommand.class extends Observable
2019-05-28 14:31:00,639 DEBUG u.s.s.c.GetAllBookingsByDayCommand [pool-2-thread-1] Observer MailClient.class was notified
2019-05-28 16:38:17,044 INFO u.s.s.c.ConnectionUtil [main] Connection with database established
2019-05-28 16:38:17,770 DEBUG u.s.s.d.b.BookingDAO [main] ResultSet in getAllBookingsByMasterIdAndDate() method executed
2019-05-28 16:38:17,878 DEBUG u.s.s.d.u.UserDAO [main] Connection is established
2019-05-28 16:38:17,940 DEBUG u.s.s.d.u.UserDAO [main] Connection is established
2019-05-28 16:38:18,152 DEBUG u.s.s.d.b.BookingDAO [main] BookingBooking{bookingId=61, master=Yura, client=Vanya, 2019-05-28 09:00 - 2019-05-28 10:00}
2019-05-28 16:38:18,153 DEBUG u.s.s.d.u.UserDAO [main] Connection is established
2019-05-28 16:38:18,156 DEBUG u.s.s.d.u.UserDAO [main] Connection is established
2019-05-28 16:38:18,158 DEBUG u.s.s.d.b.BookingDAO [main] BookingBooking{bookingId=62, master=Yura, client=Vanya, 2019-05-28 12:00 - 2019-05-28 13:00}
2019-05-28 16:38:18,484 DEBUG u.s.s.s.ScheduledExecutor [main] Next run of executor2019-05-28T16:38:00.483+03:00[Europe/Kiev]
2019-05-28 16:39:38,602 INFO u.s.s.c.ConnectionUtil [main] Connection with database established
2019-05-28 16:39:38,823 DEBUG u.s.s.d.b.BookingDAO [main] ResultSet in getAllBookingsByMasterIdAndDate() method executed
2019-05-28 16:39:38,916 DEBUG u.s.s.d.u.UserDAO [main] Connection is established
2019-05-28 16:39:38,965 DEBUG u.s.s.d.u.UserDAO [main] Connection is established
2019-05-28 16:39:39,050 DEBUG u.s.s.d.b.BookingDAO [main] BookingBooking{bookingId=61, master=Yura, client=Vanya, 2019-05-28 09:00 - 2019-05-28 10:00}
2019-05-28 16:39:39,051 DEBUG u.s.s.d.u.UserDAO [main] Connection is established
2019-05-28 16:39:39,054 DEBUG u.s.s.d.u.UserDAO [main] Connection is established
2019-05-28 16:39:39,057 DEBUG u.s.s.d.b.BookingDAO [main] BookingBooking{bookingId=62, master=Yura, client=Vanya, 2019-05-28 12:00 - 2019-05-28 13:00}
2019-05-28 16:39:39,199 DEBUG u.s.s.s.ScheduledExecutor [main] Next run of executor2019-05-28T16:40:00.198+03:00[Europe/Kiev]
2019-05-28 16:40:00,235 DEBUG u.s.s.d.b.BookingDAO [pool-2-thread-1] ResultSet in getAllBookingsByMasterIdAndDate() method executed
2019-05-28 16:40:00,236 DEBUG u.s.s.d.u.UserDAO [pool-2-thread-1] Connection is established
2019-05-28 16:40:00,238 DEBUG u.s.s.d.u.UserDAO [pool-2-thread-1] Connection is established
2019-05-28 16:40:00,241 DEBUG u.s.s.d.b.BookingDAO [pool-2-thread-1] BookingBooking{bookingId=61, master=Yura, client=Vanya, 2019-05-28 09:00 - 2019-05-28 10:00}
2019-05-28 16:40:00,241 DEBUG u.s.s.d.u.UserDAO [pool-2-thread-1] Connection is established
2019-05-28 16:40:00,243 DEBUG u.s.s.d.u.UserDAO [pool-2-thread-1] Connection is established
2019-05-28 16:40:00,246 DEBUG u.s.s.d.b.BookingDAO [pool-2-thread-1] BookingBooking{bookingId=62, master=Yura, client=Vanya, 2019-05-28 12:00 - 2019-05-28 13:00}
2019-05-28 16:40:00,247 DEBUG u.s.s.s.MailClient [pool-2-thread-1] Some troubles are here
2019-05-28 16:40:00,247 DEBUG u.s.s.s.MailClient [pool-2-thread-1] Observer was notified by GetAllBookingsByDayCommand.class extends Observable
2019-05-28 16:40:00,248 DEBUG u.s.s.c.GetAllBookingsByDayCommand [pool-2-thread-1] Observer MailClient.class was notified
2019-05-28 16:43:58,370 INFO u.s.s.c.ConnectionUtil [main] Connection with database established
2019-05-28 16:43:58,563 DEBUG u.s.s.d.b.BookingDAO [main] ResultSet in getAllBookingsByMasterIdAndDate() method executed
2019-05-28 16:43:58,641 DEBUG u.s.s.d.u.UserDAO [main] Connection is established
2019-05-28 16:43:58,688 DEBUG u.s.s.d.u.UserDAO [main] Connection is established
2019-05-28 16:43:58,876 DEBUG u.s.s.d.b.BookingDAO [main] BookingBooking{bookingId=61, master=Yura, client=Vanya, 2019-05-28 09:00 - 2019-05-28 10:00}
2019-05-28 16:43:58,877 DEBUG u.s.s.d.u.UserDAO [main] Connection is established
2019-05-28 16:43:58,879 DEBUG u.s.s.d.u.UserDAO [main] Connection is established
2019-05-28 16:43:58,882 DEBUG u.s.s.d.b.BookingDAO [main] BookingBooking{bookingId=62, master=Yura, client=Vanya, 2019-05-28 12:00 - 2019-05-28 13:00}
2019-05-28 16:43:59,100 DEBUG u.s.s.s.ScheduledExecutor [main] Next run of executor2019-05-28T16:45:00.100+03:00[Europe/Kiev]
2019-05-28 16:45:00,113 DEBUG u.s.s.d.b.BookingDAO [pool-2-thread-1] ResultSet in getAllBookingsByMasterIdAndDate() method executed
2019-05-28 16:45:00,114 DEBUG u.s.s.d.u.UserDAO [pool-2-thread-1] Connection is established
2019-05-28 16:45:00,116 DEBUG u.s.s.d.u.UserDAO [pool-2-thread-1] Connection is established
2019-05-28 16:45:00,118 DEBUG u.s.s.d.b.BookingDAO [pool-2-thread-1] BookingBooking{bookingId=61, master=Yura, client=Vanya, 2019-05-28 09:00 - 2019-05-28 10:00}
2019-05-28 16:45:00,119 DEBUG u.s.s.d.u.UserDAO [pool-2-thread-1] Connection is established
2019-05-28 16:45:00,121 DEBUG u.s.s.d.u.UserDAO [pool-2-thread-1] Connection is established
2019-05-28 16:45:00,123 DEBUG u.s.s.d.b.BookingDAO [pool-2-thread-1] BookingBooking{bookingId=62, master=Yura, client=Vanya, 2019-05-28 12:00 - 2019-05-28 13:00}
2019-05-28 16:45:00,124 DEBUG u.s.s.s.MailClient [pool-2-thread-1] Some troubles are here
2019-05-28 16:45:00,125 DEBUG u.s.s.s.MailClient [pool-2-thread-1] Observer was notified by GetAllBookingsByDayCommand.class extends Observable
2019-05-28 16:45:00,125 DEBUG u.s.s.c.GetAllBookingsByDayCommand [pool-2-thread-1] Observer MailClient.class was notified
2019-05-28 16:48:57,067 INFO u.s.s.c.ConnectionUtil [main] Connection with database established
2019-05-28 16:48:57,332 DEBUG u.s.s.d.b.BookingDAO [main] ResultSet in getAllBookingsByMasterIdAndDate() method executed
2019-05-28 16:48:57,401 DEBUG u.s.s.d.u.UserDAO [main] Connection is established
2019-05-28 16:48:57,456 DEBUG u.s.s.d.u.UserDAO [main] Connection is established
2019-05-28 16:48:57,591 DEBUG u.s.s.d.b.BookingDAO [main] BookingBooking{bookingId=61, master=Yura, client=Vanya, 2019-05-28 09:00 - 2019-05-28 10:00}
2019-05-28 16:48:57,593 DEBUG u.s.s.d.u.UserDAO [main] Connection is established
2019-05-28 16:48:57,596 DEBUG u.s.s.d.u.UserDAO [main] Connection is established
2019-05-28 16:48:57,600 DEBUG u.s.s.d.b.BookingDAO [main] BookingBooking{bookingId=62, master=Yura, client=Vanya, 2019-05-28 12:00 - 2019-05-28 13:00}
2019-05-28 16:58:38,756 INFO u.s.s.c.ConnectionUtil [main] Connection with database established
2019-05-28 16:58:39,245 DEBUG u.s.s.d.b.BookingDAO [main] ResultSet in getAllBookingsByMasterIdAndDate() method executed
2019-05-28 16:58:39,431 DEBUG u.s.s.d.u.UserDAO [main] Connection is established
2019-05-28 16:58:39,587 DEBUG u.s.s.d.u.UserDAO [main] Connection is established
2019-05-28 16:58:39,952 DEBUG u.s.s.d.b.BookingDAO [main] BookingBooking{bookingId=61, master=Yura, client=Vanya, 2019-05-28 09:00 - 2019-05-28 10:00}
2019-05-28 16:58:39,952 DEBUG u.s.s.d.u.UserDAO [main] Connection is established
2019-05-28 16:58:39,954 DEBUG u.s.s.d.u.UserDAO [main] Connection is established
2019-05-28 16:58:39,957 DEBUG u.s.s.d.b.BookingDAO [main] BookingBooking{bookingId=62, master=Yura, client=Vanya, 2019-05-28 12:00 - 2019-05-28 13:00}
2019-05-28 16:58:40,391 DEBUG u.s.s.s.ScheduledExecutor [main] Next run of executor2019-05-28T16:45:00.390+03:00[Europe/Kiev]
2019-05-28 16:59:16,030 INFO u.s.s.c.ConnectionUtil [main] Connection with database established
2019-05-28 16:59:16,227 DEBUG u.s.s.d.b.BookingDAO [main] ResultSet in getAllBookingsByMasterIdAndDate() method executed
2019-05-28 16:59:16,233 DEBUG u.s.s.d.u.UserDAO [main] Connection is established
2019-05-28 16:59:16,238 DEBUG u.s.s.d.u.UserDAO [main] Connection is established
2019-05-28 16:59:16,263 DEBUG u.s.s.d.b.BookingDAO [main] BookingBooking{bookingId=61, master=Yura, client=Vanya, 2019-05-28 09:00 - 2019-05-28 10:00}
2019-05-28 16:59:16,264 DEBUG u.s.s.d.u.UserDAO [main] Connection is established
2019-05-28 16:59:16,267 DEBUG u.s.s.d.u.UserDAO [main] Connection is established
2019-05-28 16:59:16,270 DEBUG u.s.s.d.b.BookingDAO [main] BookingBooking{bookingId=62, master=Yura, client=Vanya, 2019-05-28 12:00 - 2019-05-28 13:00}
2019-05-28 16:59:16,288 DEBUG u.s.s.s.ScheduledExecutor [main] Next run of executor2019-05-28T17:01:00.286+03:00[Europe/Kiev]
2019-05-28 17:01:00,302 DEBUG u.s.s.d.b.BookingDAO [pool-2-thread-1] ResultSet in getAllBookingsByMasterIdAndDate() method executed
2019-05-28 17:01:00,303 DEBUG u.s.s.d.u.UserDAO [pool-2-thread-1] Connection is established
2019-05-28 17:01:00,304 DEBUG u.s.s.d.u.UserDAO [pool-2-thread-1] Connection is established
2019-05-28 17:01:00,306 DEBUG u.s.s.d.b.BookingDAO [pool-2-thread-1] BookingBooking{bookingId=61, master=Yura, client=Vanya, 2019-05-28 09:00 - 2019-05-28 10:00}
2019-05-28 17:01:00,306 DEBUG u.s.s.d.u.UserDAO [pool-2-thread-1] Connection is established
2019-05-28 17:01:00,308 DEBUG u.s.s.d.u.UserDAO [pool-2-thread-1] Connection is established
2019-05-28 17:01:00,310 DEBUG u.s.s.d.b.BookingDAO [pool-2-thread-1] BookingBooking{bookingId=62, master=Yura, client=Vanya, 2019-05-28 12:00 - 2019-05-28 13:00}
2019-05-28 17:01:00,311 DEBUG u.s.s.s.MailClient [pool-2-thread-1] Some troubles are here
2019-05-28 17:01:00,311 DEBUG u.s.s.s.MailClient [pool-2-thread-1] Observer was notified by GetAllBookingsByDayCommand.class extends Observable
2019-05-28 17:01:00,311 DEBUG u.s.s.c.GetAllBookingsByDayCommand [pool-2-thread-1] Observer MailClient.class was notified
2019-05-28 17:07:42,869 INFO u.s.s.c.ConnectionUtil [main] Connection with database established
2019-05-28 17:07:43,322 DEBUG u.s.s.d.b.BookingDAO [main] ResultSet in getAllBookingsByMasterIdAndDate() method executed
2019-05-28 17:07:43,330 DEBUG u.s.s.d.u.UserDAO [main] Connection is established
2019-05-28 17:07:43,616 DEBUG u.s.s.d.u.UserDAO [main] Connection is established
2019-05-28 17:07:43,644 DEBUG u.s.s.d.b.BookingDAO [main] BookingBooking{bookingId=61, master=Yura, client=Vanya, 2019-05-28 09:00 - 2019-05-28 10:00}
2019-05-28 17:07:43,645 DEBUG u.s.s.d.u.UserDAO [main] Connection is established
2019-05-28 17:07:43,647 DEBUG u.s.s.d.u.UserDAO [main] Connection is established
2019-05-28 17:07:43,650 DEBUG u.s.s.d.b.BookingDAO [main] BookingBooking{bookingId=62, master=Yura, client=Vanya, 2019-05-28 12:00 - 2019-05-28 13:00}
2019-05-28 17:07:43,667 DEBUG u.s.s.s.ScheduledExecutor [main] Next run of executor2019-05-28T17:10:00.667+03:00[Europe/Kiev]
2019-05-28 17:07:43,676 DEBUG u.s.s.s.ScheduledExecutor [main] durationPT2M17S
2019-05-28 17:07:43,677 DEBUG u.s.s.s.ScheduledExecutor [main] initalDelay137
2019-05-28 17:10:00,684 DEBUG u.s.s.d.b.BookingDAO [pool-2-thread-1] ResultSet in getAllBookingsByMasterIdAndDate() method executed
2019-05-28 17:10:00,685 DEBUG u.s.s.d.u.UserDAO [pool-2-thread-1] Connection is established
2019-05-28 17:10:00,687 DEBUG u.s.s.d.u.UserDAO [pool-2-thread-1] Connection is established
2019-05-28 17:10:00,690 DEBUG u.s.s.d.b.BookingDAO [pool-2-thread-1] BookingBooking{bookingId=61, master=Yura, client=Vanya, 2019-05-28 09:00 - 2019-05-28 10:00}
2019-05-28 17:10:00,691 DEBUG u.s.s.d.u.UserDAO [pool-2-thread-1] Connection is established
2019-05-28 17:10:00,693 DEBUG u.s.s.d.u.UserDAO [pool-2-thread-1] Connection is established
2019-05-28 17:10:00,697 DEBUG u.s.s.d.b.BookingDAO [pool-2-thread-1] BookingBooking{bookingId=62, master=Yura, client=Vanya, 2019-05-28 12:00 - 2019-05-28 13:00}
2019-05-28 17:10:00,698 DEBUG u.s.s.s.MailClient [pool-2-thread-1] update() method started execution: class ua.salon.schedule.ssl_email_sender.MailClient
2019-05-28 17:10:00,699 DEBUG u.s.s.s.MailClient [pool-2-thread-1] Observer was notified by GetAllBookingsByDayCommand.class extends Observable
2019-05-28 17:10:00,700 DEBUG u.s.s.c.GetAllBookingsByDayCommand [pool-2-thread-1] Observer MailClient.class was notified
2019-05-28 17:48:29,024 DEBUG u.s.s.s.ScheduledExecutor [main] Next run of executor2019-05-28T17:50:00.984+03:00[Europe/Kiev]
2019-05-28 17:48:29,139 DEBUG u.s.s.s.ScheduledExecutor [main] durationPT1M32S
2019-05-28 17:48:29,140 DEBUG u.s.s.s.ScheduledExecutor [main] initalDelay92
2019-05-28 17:50:03,203 INFO u.s.s.c.ConnectionUtil [pool-1-thread-1] Connection with database established
2019-05-28 17:50:03,392 DEBUG u.s.s.d.b.BookingDAO [pool-1-thread-1] ResultSet in getAllBookingsByMasterIdAndDate() method executed
2019-05-28 17:50:03,591 DEBUG u.s.s.d.u.UserDAO [pool-1-thread-1] Connection is established
2019-05-28 17:50:04,025 DEBUG u.s.s.d.u.UserDAO [pool-1-thread-1] Connection is established
2019-05-28 17:50:04,134 DEBUG u.s.s.d.b.BookingDAO [pool-1-thread-1] BookingBooking{bookingId=61, master=Yura, client=Vanya, 2019-05-28 09:00 - 2019-05-28 10:00}
2019-05-28 17:50:04,134 DEBUG u.s.s.d.u.UserDAO [pool-1-thread-1] Connection is established
2019-05-28 17:50:04,137 DEBUG u.s.s.d.u.UserDAO [pool-1-thread-1] Connection is established
2019-05-28 17:50:04,139 DEBUG u.s.s.d.b.BookingDAO [pool-1-thread-1] BookingBooking{bookingId=62, master=Yura, client=Vanya, 2019-05-28 12:00 - 2019-05-28 13:00}
2019-05-28 17:50:04,140 DEBUG u.s.s.d.u.UserDAO [pool-1-thread-1] Connection is established
2019-05-28 17:50:04,141 DEBUG u.s.s.d.u.UserDAO [pool-1-thread-1] Connection is established
2019-05-28 17:50:04,143 DEBUG u.s.s.d.b.BookingDAO [pool-1-thread-1] BookingBooking{bookingId=63, master=Yura, client=U2, 2019-05-28 16:00 - 2019-05-28 17:00}
2019-05-28 17:50:04,145 DEBUG u.s.s.s.MailClient [pool-1-thread-1] update() method started execution: class ua.salon.schedule.ssl_email_sender.MailClient
2019-05-28 17:50:04,145 DEBUG u.s.s.s.MailClient [pool-1-thread-1] Observer was notified by GetAllBookingsByDayCommand.class extends Observable
2019-05-28 17:50:04,584 DEBUG u.s.s.s.Sender [pool-1-thread-1] Mail was created
2019-05-28 17:50:11,823 DEBUG u.s.s.s.Sender [pool-1-thread-1] Mail successfully send to recipient
2019-05-28 17:50:11,824 DEBUG u.s.s.s.Sender [pool-1-thread-1] Mail was created
2019-05-28 17:50:13,210 DEBUG u.s.s.s.Sender [pool-1-thread-1] Mail successfully send to recipient
2019-05-28 17:50:13,211 DEBUG u.s.s.s.Sender [pool-1-thread-1] Mail was created
2019-05-28 17:50:14,704 DEBUG u.s.s.s.Sender [pool-1-thread-1] Mail successfully send to recipient
2019-05-28 17:50:14,705 DEBUG u.s.s.c.GetAllBookingsByDayCommand [pool-1-thread-1] Observer MailClient.class was notified
